<?xml version="1.0" encoding="UTF-8"?>
<testsuite name="com.Store.Store.StoreApplicationTests" tests="1" skipped="0" failures="0" errors="0" timestamp="2024-09-29T03:19:47" hostname="PSOFKA0723" time="1.345">
  <properties/>
  <testcase name="contextLoads()" classname="com.Store.Store.StoreApplicationTests" time="1.345"/>
  <system-out><![CDATA[22:19:30.444 [Test worker] INFO org.springframework.test.context.support.AnnotationConfigContextLoaderUtils -- Could not detect default configuration classes for test class [com.Store.Store.StoreApplicationTests]: StoreApplicationTests does not declare any static, non-private, non-final, nested classes annotated with @Configuration.
22:19:30.838 [Test worker] INFO org.springframework.boot.test.context.SpringBootTestContextBootstrapper -- Found @SpringBootConfiguration com.Store.Store.StoreApplication for test class com.Store.Store.StoreApplicationTests

  .   ____          _            __ _ _
 /\\ / ___'_ __ _ _(_)_ __  __ _ \ \ \ \
( ( )\___ | '_ | '_| | '_ \/ _` | \ \ \ \
 \\/  ___)| |_)| | | | | || (_| |  ) ) ) )
  '  |____| .__|_| |_|_| |_\__, | / / / /
 =========|_|==============|___/=/_/_/_/

 :: Spring Boot ::                (v3.3.4)

2024-09-28T22:19:31.758-05:00  INFO 3320 --- [Store] [    Test worker] com.Store.Store.StoreApplicationTests    : Starting StoreApplicationTests using Java 17.0.11 with PID 3320 (started by leonel.borja in D:\Leobor\Store\Store)
2024-09-28T22:19:31.769-05:00  INFO 3320 --- [Store] [    Test worker] com.Store.Store.StoreApplicationTests    : No active profile set, falling back to 1 default profile: "default"
2024-09-28T22:19:31.773-05:00 DEBUG 3320 --- [Store] [    Test worker] o.s.boot.SpringApplication               : Loading source class com.Store.Store.StoreApplication
2024-09-28T22:19:31.835-05:00 DEBUG 3320 --- [Store] [    Test worker] o.s.w.c.s.GenericWebApplicationContext   : Refreshing org.springframework.web.context.support.GenericWebApplicationContext@2dbd803f
2024-09-28T22:19:31.920-05:00 DEBUG 3320 --- [Store] [    Test worker] o.s.b.f.s.DefaultListableBeanFactory     : Creating shared instance of singleton bean 'org.springframework.context.annotation.internalConfigurationAnnotationProcessor'
2024-09-28T22:19:31.996-05:00 DEBUG 3320 --- [Store] [    Test worker] o.s.b.f.s.DefaultListableBeanFactory     : Creating shared instance of singleton bean 'org.springframework.boot.autoconfigure.internalCachingMetadataReaderFactory'
2024-09-28T22:19:32.085-05:00 DEBUG 3320 --- [Store] [    Test worker] o.s.c.a.ClassPathBeanDefinitionScanner   : Identified candidate component class: file [D:\Leobor\Store\Store\build\classes\java\main\com\Store\Store\adapter\ClientServiceImpl.class]
2024-09-28T22:19:32.085-05:00 DEBUG 3320 --- [Store] [    Test worker] o.s.c.a.ClassPathBeanDefinitionScanner   : Identified candidate component class: file [D:\Leobor\Store\Store\build\classes\java\main\com\Store\Store\adapter\ProductServiceImpl.class]
2024-09-28T22:19:32.088-05:00 DEBUG 3320 --- [Store] [    Test worker] o.s.c.a.ClassPathBeanDefinitionScanner   : Identified candidate component class: file [D:\Leobor\Store\Store\build\classes\java\main\com\Store\Store\adapter\VendorServiceImpl.class]
2024-09-28T22:19:32.131-05:00 DEBUG 3320 --- [Store] [    Test worker] o.s.c.a.ClassPathBeanDefinitionScanner   : Identified candidate component class: file [D:\Leobor\Store\Store\build\classes\java\main\com\Store\Store\delivery\ClientController.class]
2024-09-28T22:19:32.132-05:00 DEBUG 3320 --- [Store] [    Test worker] o.s.c.a.ClassPathBeanDefinitionScanner   : Identified candidate component class: file [D:\Leobor\Store\Store\build\classes\java\main\com\Store\Store\delivery\ProductController.class]
2024-09-28T22:19:32.134-05:00 DEBUG 3320 --- [Store] [    Test worker] o.s.c.a.ClassPathBeanDefinitionScanner   : Identified candidate component class: file [D:\Leobor\Store\Store\build\classes\java\main\com\Store\Store\delivery\VendorController.class]
2024-09-28T22:19:32.169-05:00 DEBUG 3320 --- [Store] [    Test worker] o.s.c.a.ClassPathBeanDefinitionScanner   : Ignored because not a concrete top-level class: file [D:\Leobor\Store\Store\build\classes\java\main\com\Store\Store\repository\ClientRepository.class]
2024-09-28T22:19:33.007-05:00 DEBUG 3320 --- [Store] [    Test worker] ySourcesPropertyResolver$DefaultResolver : Found key 'POSTGRES_ADDON_HOST' in PropertySource 'systemEnvironment' with value of type String
2024-09-28T22:19:33.008-05:00 DEBUG 3320 --- [Store] [    Test worker] ySourcesPropertyResolver$DefaultResolver : Found key 'POSTGRES_ADDON_DB' in PropertySource 'systemEnvironment' with value of type String
2024-09-28T22:19:34.280-05:00  INFO 3320 --- [Store] [    Test worker] .s.d.r.c.RepositoryConfigurationDelegate : Bootstrapping Spring Data JPA repositories in DEFAULT mode.
2024-09-28T22:19:34.300-05:00 DEBUG 3320 --- [Store] [    Test worker] o.s.b.f.s.DefaultListableBeanFactory     : Creating shared instance of singleton bean 'org.springframework.boot.autoconfigure.AutoConfigurationPackages'
2024-09-28T22:19:34.329-05:00 DEBUG 3320 --- [Store] [    Test worker] o.s.b.a.AutoConfigurationPackages        : @EnableAutoConfiguration was declared on a class in the package 'com.Store.Store'. Automatic @Repository and @Entity scanning is enabled.
2024-09-28T22:19:34.331-05:00 DEBUG 3320 --- [Store] [    Test worker] .s.d.r.c.RepositoryConfigurationDelegate : Scanning for JPA repositories in packages com.Store.Store.
2024-09-28T22:19:34.365-05:00 DEBUG 3320 --- [Store] [    Test worker] o.s.d.r.c.RepositoryComponentProvider    : Identified candidate component class: file [D:\Leobor\Store\Store\build\classes\java\main\com\Store\Store\repository\ClientRepository.class]
2024-09-28T22:19:34.366-05:00 DEBUG 3320 --- [Store] [    Test worker] o.s.d.r.c.RepositoryComponentProvider    : Identified candidate component class: file [D:\Leobor\Store\Store\build\classes\java\main\com\Store\Store\repository\ProductRepository.class]
2024-09-28T22:19:34.367-05:00 DEBUG 3320 --- [Store] [    Test worker] o.s.d.r.c.RepositoryComponentProvider    : Identified candidate component class: file [D:\Leobor\Store\Store\build\classes\java\main\com\Store\Store\repository\VendorRepository.class]
2024-09-28T22:19:34.850-05:00 DEBUG 3320 --- [Store] [    Test worker] ssPathScanningCandidateComponentProvider : Identified candidate component class: file [D:\Leobor\Store\Store\build\classes\java\main\com\Store\Store\adapter\ClientServiceImpl.class]
2024-09-28T22:19:34.851-05:00 DEBUG 3320 --- [Store] [    Test worker] ssPathScanningCandidateComponentProvider : Identified candidate component class: file [D:\Leobor\Store\Store\build\classes\java\main\com\Store\Store\adapter\ProductServiceImpl.class]
2024-09-28T22:19:34.851-05:00 DEBUG 3320 --- [Store] [    Test worker] ssPathScanningCandidateComponentProvider : Identified candidate component class: file [D:\Leobor\Store\Store\build\classes\java\main\com\Store\Store\adapter\VendorServiceImpl.class]
2024-09-28T22:19:34.892-05:00  INFO 3320 --- [Store] [    Test worker] .s.d.r.c.RepositoryConfigurationDelegate : Finished Spring Data repository scanning in 555 ms. Found 3 JPA repository interfaces.
2024-09-28T22:19:35.693-05:00 DEBUG 3320 --- [Store] [    Test worker] o.s.b.f.s.DefaultListableBeanFactory     : Creating shared instance of singleton bean 'propertySourcesPlaceholderConfigurer'
2024-09-28T22:19:35.701-05:00 DEBUG 3320 --- [Store] [    Test worker] o.s.b.f.s.DefaultListableBeanFactory     : Creating shared instance of singleton bean 'org.springframework.boot.test.mock.mockito.MockitoPostProcessor'
2024-09-28T22:19:35.703-05:00 DEBUG 3320 --- [Store] [    Test worker] o.s.b.f.s.DefaultListableBeanFactory     : Creating shared instance of singleton bean 'emBeanDefinitionRegistrarPostProcessor'
2024-09-28T22:19:35.704-05:00 DEBUG 3320 --- [Store] [    Test worker] o.s.b.f.s.DefaultListableBeanFactory     : Creating shared instance of singleton bean 'org.springframework.boot.sql.init.dependency.DatabaseInitializationDependencyConfigurer$DependsOnDatabaseInitializationPostProcessor'
2024-09-28T22:19:35.865-05:00 DEBUG 3320 --- [Store] [    Test worker] o.s.b.f.s.DefaultListableBeanFactory     : Creating shared instance of singleton bean 'org.springframework.context.event.internalEventListenerProcessor'
2024-09-28T22:19:35.869-05:00 DEBUG 3320 --- [Store] [    Test worker] o.s.b.f.s.DefaultListableBeanFactory     : Creating shared instance of singleton bean 'preserveErrorControllerTargetClassPostProcessor'
2024-09-28T22:19:35.871-05:00 DEBUG 3320 --- [Store] [    Test worker] o.s.b.f.s.DefaultListableBeanFactory     : Creating shared instance of singleton bean 'org.springframework.context.event.internalEventListenerFactory'
2024-09-28T22:19:35.872-05:00 DEBUG 3320 --- [Store] [    Test worker] o.s.b.f.s.DefaultListableBeanFactory     : Creating shared instance of singleton bean 'org.springframework.transaction.config.internalTransactionalEventListenerFactory'
2024-09-28T22:19:35.879-05:00 DEBUG 3320 --- [Store] [    Test worker] o.s.b.f.s.DefaultListableBeanFactory     : Creating shared instance of singleton bean 'org.springframework.boot.test.mock.mockito.MockitoPostProcessor$SpyPostProcessor'
2024-09-28T22:19:35.894-05:00 DEBUG 3320 --- [Store] [    Test worker] o.s.b.f.s.DefaultListableBeanFactory     : Creating shared instance of singleton bean 'org.springframework.context.annotation.internalAutowiredAnnotationProcessor'
2024-09-28T22:19:35.905-05:00 DEBUG 3320 --- [Store] [    Test worker] o.s.b.f.s.DefaultListableBeanFactory     : Creating shared instance of singleton bean 'org.springframework.context.annotation.internalCommonAnnotationProcessor'
2024-09-28T22:19:35.954-05:00 DEBUG 3320 --- [Store] [    Test worker] o.s.b.f.s.DefaultListableBeanFactory     : Creating shared instance of singleton bean 'org.springframework.context.annotation.internalPersistenceAnnotationProcessor'
2024-09-28T22:19:35.956-05:00 DEBUG 3320 --- [Store] [    Test worker] o.s.b.f.s.DefaultListableBeanFactory     : Creating shared instance of singleton bean 'org.springframework.boot.context.properties.ConfigurationPropertiesBindingPostProcessor'
2024-09-28T22:19:35.956-05:00 DEBUG 3320 --- [Store] [    Test worker] o.s.b.f.s.DefaultListableBeanFactory     : Creating shared instance of singleton bean 'org.springframework.boot.context.internalConfigurationPropertiesBinder'
2024-09-28T22:19:35.961-05:00 DEBUG 3320 --- [Store] [    Test worker] o.s.b.f.s.DefaultListableBeanFactory     : Creating shared instance of singleton bean 'jdbcConnectionDetailsHikariBeanPostProcessor'
2024-09-28T22:19:35.968-05:00 DEBUG 3320 --- [Store] [    Test worker] o.s.b.f.s.DefaultListableBeanFactory     : Creating shared instance of singleton bean 'org.springframework.aop.config.internalAutoProxyCreator'
2024-09-28T22:19:36.053-05:00 DEBUG 3320 --- [Store] [    Test worker] o.s.b.f.s.DefaultListableBeanFactory     : Creating shared instance of singleton bean 'persistenceExceptionTranslationPostProcessor'
2024-09-28T22:19:36.106-05:00 DEBUG 3320 --- [Store] [    Test worker] o.s.b.f.s.DefaultListableBeanFactory     : Autowiring by type from bean name 'persistenceExceptionTranslationPostProcessor' via factory method to bean named 'environment'
2024-09-28T22:19:36.118-05:00 DEBUG 3320 --- [Store] [    Test worker] o.s.b.f.s.DefaultListableBeanFactory     : Creating shared instance of singleton bean 'webServerFactoryCustomizerBeanPostProcessor'
2024-09-28T22:19:36.121-05:00 DEBUG 3320 --- [Store] [    Test worker] o.s.b.f.s.DefaultListableBeanFactory     : Creating shared instance of singleton bean 'errorPageRegistrarBeanPostProcessor'
2024-09-28T22:19:36.122-05:00 DEBUG 3320 --- [Store] [    Test worker] o.s.b.f.s.DefaultListableBeanFactory     : Creating shared instance of singleton bean 'projectingArgumentResolverBeanPostProcessor'
2024-09-28T22:19:36.125-05:00 DEBUG 3320 --- [Store] [    Test worker] o.s.b.f.s.DefaultListableBeanFactory     : Creating shared instance of singleton bean 'org.springframework.transaction.config.internalTransactionAdvisor'
2024-09-28T22:19:36.126-05:00 DEBUG 3320 --- [Store] [    Test worker] o.s.b.f.s.DefaultListableBeanFactory     : Creating shared instance of singleton bean 'org.springframework.transaction.annotation.ProxyTransactionManagementConfiguration'
2024-09-28T22:19:36.160-05:00 DEBUG 3320 --- [Store] [    Test worker] o.s.b.f.s.DefaultListableBeanFactory     : Creating shared instance of singleton bean 'transactionAttributeSource'
2024-09-28T22:19:36.165-05:00 DEBUG 3320 --- [Store] [    Test worker] o.s.b.f.s.DefaultListableBeanFactory     : Creating shared instance of singleton bean 'transactionInterceptor'
2024-09-28T22:19:36.166-05:00 DEBUG 3320 --- [Store] [    Test worker] o.s.b.f.s.DefaultListableBeanFactory     : Autowiring by type from bean name 'transactionInterceptor' via factory method to bean named 'transactionAttributeSource'
2024-09-28T22:19:36.183-05:00 DEBUG 3320 --- [Store] [    Test worker] o.s.b.f.s.DefaultListableBeanFactory     : Autowiring by type from bean name 'org.springframework.transaction.config.internalTransactionAdvisor' via factory method to bean named 'transactionAttributeSource'
2024-09-28T22:19:36.184-05:00 DEBUG 3320 --- [Store] [    Test worker] o.s.b.f.s.DefaultListableBeanFactory     : Autowiring by type from bean name 'org.springframework.transaction.config.internalTransactionAdvisor' via factory method to bean named 'transactionInterceptor'
2024-09-28T22:19:36.259-05:00 DEBUG 3320 --- [Store] [    Test worker] o.s.u.c.s.UiApplicationContextUtils      : Unable to locate ThemeSource with name 'themeSource': using default [org.springframework.ui.context.support.ResourceBundleThemeSource@dbddbe3]
2024-09-28T22:19:36.265-05:00 DEBUG 3320 --- [Store] [    Test worker] o.s.b.f.s.DefaultListableBeanFactory     : Creating shared instance of singleton bean 'dataSourceScriptDatabaseInitializer'
2024-09-28T22:19:36.266-05:00 DEBUG 3320 --- [Store] [    Test worker] o.s.b.f.s.DefaultListableBeanFactory     : Creating shared instance of singleton bean 'org.springframework.boot.autoconfigure.sql.init.DataSourceInitializationConfiguration'
2024-09-28T22:19:36.287-05:00 DEBUG 3320 --- [Store] [    Test worker] o.s.b.f.s.DefaultListableBeanFactory     : Creating shared instance of singleton bean 'dataSource'
2024-09-28T22:19:36.292-05:00 DEBUG 3320 --- [Store] [    Test worker] o.s.b.f.s.DefaultListableBeanFactory     : Creating shared instance of singleton bean 'org.springframework.boot.autoconfigure.jdbc.DataSourceConfiguration$Hikari'
2024-09-28T22:19:36.298-05:00 DEBUG 3320 --- [Store] [    Test worker] o.s.b.f.s.DefaultListableBeanFactory     : Creating shared instance of singleton bean 'spring.datasource-org.springframework.boot.autoconfigure.jdbc.DataSourceProperties'
2024-09-28T22:19:36.302-05:00 DEBUG 3320 --- [Store] [    Test worker] o.s.b.f.s.DefaultListableBeanFactory     : Creating shared instance of singleton bean 'org.springframework.boot.context.properties.BoundConfigurationProperties'
2024-09-28T22:19:36.368-05:00 DEBUG 3320 --- [Store] [    Test worker] ySourcesPropertyResolver$DefaultResolver : Found key 'POSTGRES_ADDON_PASSWORD' in PropertySource 'systemEnvironment' with value of type String
2024-09-28T22:19:36.370-05:00 DEBUG 3320 --- [Store] [    Test worker] ySourcesPropertyResolver$DefaultResolver : Found key 'POSTGRES_ADDON_HOST' in PropertySource 'systemEnvironment' with value of type String
2024-09-28T22:19:36.371-05:00 DEBUG 3320 --- [Store] [    Test worker] ySourcesPropertyResolver$DefaultResolver : Found key 'POSTGRES_ADDON_DB' in PropertySource 'systemEnvironment' with value of type String
2024-09-28T22:19:36.371-05:00 DEBUG 3320 --- [Store] [    Test worker] ySourcesPropertyResolver$DefaultResolver : Found key 'POSTGRES_ADDON_USER' in PropertySource 'systemEnvironment' with value of type String
2024-09-28T22:19:36.384-05:00 DEBUG 3320 --- [Store] [    Test worker] o.s.b.f.s.DefaultListableBeanFactory     : Creating shared instance of singleton bean 'jdbcConnectionDetails'
2024-09-28T22:19:36.385-05:00 DEBUG 3320 --- [Store] [    Test worker] o.s.b.f.s.DefaultListableBeanFactory     : Creating shared instance of singleton bean 'org.springframework.boot.autoconfigure.jdbc.DataSourceAutoConfiguration$PooledDataSourceConfiguration'
2024-09-28T22:19:36.400-05:00 DEBUG 3320 --- [Store] [    Test worker] o.s.b.f.s.DefaultListableBeanFactory     : Autowiring by type from bean name 'jdbcConnectionDetails' via factory method to bean named 'spring.datasource-org.springframework.boot.autoconfigure.jdbc.DataSourceProperties'
2024-09-28T22:19:36.405-05:00 DEBUG 3320 --- [Store] [    Test worker] o.s.b.f.s.DefaultListableBeanFactory     : Autowiring by type from bean name 'dataSource' via factory method to bean named 'spring.datasource-org.springframework.boot.autoconfigure.jdbc.DataSourceProperties'
2024-09-28T22:19:36.405-05:00 DEBUG 3320 --- [Store] [    Test worker] o.s.b.f.s.DefaultListableBeanFactory     : Autowiring by type from bean name 'dataSource' via factory method to bean named 'jdbcConnectionDetails'
2024-09-28T22:19:36.471-05:00 DEBUG 3320 --- [Store] [    Test worker] o.s.b.f.s.DefaultListableBeanFactory     : Creating shared instance of singleton bean 'spring.sql.init-org.springframework.boot.autoconfigure.sql.init.SqlInitializationProperties'
2024-09-28T22:19:36.477-05:00 DEBUG 3320 --- [Store] [    Test worker] o.s.b.f.s.DefaultListableBeanFactory     : Autowiring by type from bean name 'dataSourceScriptDatabaseInitializer' via factory method to bean named 'dataSource'
2024-09-28T22:19:36.478-05:00 DEBUG 3320 --- [Store] [    Test worker] o.s.b.f.s.DefaultListableBeanFactory     : Autowiring by type from bean name 'dataSourceScriptDatabaseInitializer' via factory method to bean named 'spring.sql.init-org.springframework.boot.autoconfigure.sql.init.SqlInitializationProperties'
2024-09-28T22:19:36.505-05:00 DEBUG 3320 --- [Store] [    Test worker] o.s.b.f.s.DefaultListableBeanFactory     : Creating shared instance of singleton bean 'entityManagerFactory'
2024-09-28T22:19:36.507-05:00 DEBUG 3320 --- [Store] [    Test worker] o.s.b.f.s.DefaultListableBeanFactory     : Creating shared instance of singleton bean 'org.springframework.boot.autoconfigure.orm.jpa.HibernateJpaConfiguration'
2024-09-28T22:19:36.509-05:00 DEBUG 3320 --- [Store] [    Test worker] o.s.b.f.s.DefaultListableBeanFactory     : Creating shared instance of singleton bean 'spring.jpa-org.springframework.boot.autoconfigure.orm.jpa.JpaProperties'
2024-09-28T22:19:36.517-05:00 DEBUG 3320 --- [Store] [    Test worker] o.s.b.f.s.DefaultListableBeanFactory     : Creating shared instance of singleton bean 'spring.jpa.hibernate-org.springframework.boot.autoconfigure.orm.jpa.HibernateProperties'
2024-09-28T22:19:36.521-05:00 DEBUG 3320 --- [Store] [    Test worker] o.s.b.f.s.DefaultListableBeanFactory     : Autowiring by type from bean name 'org.springframework.boot.autoconfigure.orm.jpa.HibernateJpaConfiguration' via constructor to bean named 'dataSource'
2024-09-28T22:19:36.521-05:00 DEBUG 3320 --- [Store] [    Test worker] o.s.b.f.s.DefaultListableBeanFactory     : Autowiring by type from bean name 'org.springframework.boot.autoconfigure.orm.jpa.HibernateJpaConfiguration' via constructor to bean named 'spring.jpa-org.springframework.boot.autoconfigure.orm.jpa.JpaProperties'
2024-09-28T22:19:36.521-05:00 DEBUG 3320 --- [Store] [    Test worker] o.s.b.f.s.DefaultListableBeanFactory     : Autowiring by type from bean name 'org.springframework.boot.autoconfigure.orm.jpa.HibernateJpaConfiguration' via constructor to bean named 'org.springframework.beans.factory.support.DefaultListableBeanFactory@408b87aa'
2024-09-28T22:19:36.521-05:00 DEBUG 3320 --- [Store] [    Test worker] o.s.b.f.s.DefaultListableBeanFactory     : Autowiring by type from bean name 'org.springframework.boot.autoconfigure.orm.jpa.HibernateJpaConfiguration' via constructor to bean named 'spring.jpa.hibernate-org.springframework.boot.autoconfigure.orm.jpa.HibernateProperties'
2024-09-28T22:19:36.525-05:00 DEBUG 3320 --- [Store] [    Test worker] o.s.b.f.s.DefaultListableBeanFactory     : Creating shared instance of singleton bean 'hikariPoolDataSourceMetadataProvider'
2024-09-28T22:19:36.526-05:00 DEBUG 3320 --- [Store] [    Test worker] o.s.b.f.s.DefaultListableBeanFactory     : Creating shared instance of singleton bean 'org.springframework.boot.autoconfigure.jdbc.metadata.DataSourcePoolMetadataProvidersConfiguration$HikariPoolDataSourceMetadataProviderConfiguration'
2024-09-28T22:19:36.570-05:00 DEBUG 3320 --- [Store] [    Test worker] o.s.b.f.s.DefaultListableBeanFactory     : Creating shared instance of singleton bean 'entityManagerFactoryBuilder'
2024-09-28T22:19:36.596-05:00 DEBUG 3320 --- [Store] [    Test worker] o.s.b.f.s.DefaultListableBeanFactory     : Creating shared instance of singleton bean 'jpaVendorAdapter'
2024-09-28T22:19:36.646-05:00 DEBUG 3320 --- [Store] [    Test worker] o.s.b.f.s.DefaultListableBeanFactory     : Autowiring by type from bean name 'entityManagerFactoryBuilder' via factory method to bean named 'jpaVendorAdapter'
2024-09-28T22:19:36.655-05:00 DEBUG 3320 --- [Store] [    Test worker] o.s.b.f.s.DefaultListableBeanFactory     : Creating shared instance of singleton bean 'persistenceManagedTypes'
2024-09-28T22:19:36.658-05:00 DEBUG 3320 --- [Store] [    Test worker] o.s.b.f.s.DefaultListableBeanFactory     : Autowiring by type from bean name 'persistenceManagedTypes' via factory method to bean named 'org.springframework.beans.factory.support.DefaultListableBeanFactory@408b87aa'
2024-09-28T22:19:36.658-05:00 DEBUG 3320 --- [Store] [    Test worker] o.s.b.f.s.DefaultListableBeanFactory     : Autowiring by type from bean name 'persistenceManagedTypes' via factory method to bean named 'org.springframework.web.context.support.GenericWebApplicationContext@2dbd803f'
2024-09-28T22:19:36.676-05:00 DEBUG 3320 --- [Store] [    Test worker] o.s.b.f.s.DefaultListableBeanFactory     : Autowiring by type from bean name 'entityManagerFactory' via factory method to bean named 'entityManagerFactoryBuilder'
2024-09-28T22:19:36.677-05:00 DEBUG 3320 --- [Store] [    Test worker] o.s.b.f.s.DefaultListableBeanFactory     : Autowiring by type from bean name 'entityManagerFactory' via factory method to bean named 'persistenceManagedTypes'
2024-09-28T22:19:36.743-05:00 DEBUG 3320 --- [Store] [    Test worker] j.LocalContainerEntityManagerFactoryBean : Building JPA container EntityManagerFactory for persistence unit 'default'
2024-09-28T22:19:36.845-05:00 DEBUG 3320 --- [Store] [    Test worker] o.hibernate.jpa.internal.util.LogHelper  : PersistenceUnitInfo [
	name: default
	persistence provider classname: null
	classloader: jdk.internal.loader.ClassLoaders$AppClassLoader@4e0e2f2a
	excludeUnlistedClasses: true
	JTA datasource: null
	Non JTA datasource: HikariDataSource (null)
	Transaction type: RESOURCE_LOCAL
	PU root URL: file:/D:/Leobor/Store/Store/build/classes/java/test/
	Shared Cache Mode: UNSPECIFIED
	Validation Mode: AUTO
	Jar files URLs []
	Managed classes names [
		com.Store.Store.domain.dto.Client
		com.Store.Store.domain.dto.Product
		com.Store.Store.domain.dto.Vendor]
	Mapping files names []
	Properties []
2024-09-28T22:19:36.883-05:00 DEBUG 3320 --- [Store] [    Test worker] o.h.i.internal.IntegratorServiceImpl     : Adding Integrator [org.hibernate.boot.beanvalidation.BeanValidationIntegrator].
2024-09-28T22:19:36.891-05:00 DEBUG 3320 --- [Store] [    Test worker] o.h.i.internal.IntegratorServiceImpl     : Adding Integrator [org.hibernate.cache.internal.CollectionCacheInvalidator].
2024-09-28T22:19:37.124-05:00  INFO 3320 --- [Store] [    Test worker] org.hibernate.Version                    : HHH000412: Hibernate ORM core version 6.5.3.Final
2024-09-28T22:19:37.127-05:00 DEBUG 3320 --- [Store] [    Test worker] org.hibernate.cfg.Environment            : HHH000206: 'hibernate.properties' not found
2024-09-28T22:19:37.234-05:00 DEBUG 3320 --- [Store] [    Test worker] org.hibernate.orm.idgen.factory          : Registering IdentifierGenerator strategy [uuid2] -> [org.hibernate.id.UUIDGenerator]
2024-09-28T22:19:37.235-05:00 DEBUG 3320 --- [Store] [    Test worker] org.hibernate.orm.idgen.factory          : Registering IdentifierGenerator strategy [guid] -> [org.hibernate.id.GUIDGenerator]
2024-09-28T22:19:37.239-05:00 DEBUG 3320 --- [Store] [    Test worker] org.hibernate.orm.idgen.factory          : Registering IdentifierGenerator strategy [uuid] -> [org.hibernate.id.UUIDHexGenerator]
2024-09-28T22:19:37.239-05:00 DEBUG 3320 --- [Store] [    Test worker] org.hibernate.orm.idgen.factory          : Registering IdentifierGenerator strategy [uuid.hex] -> [org.hibernate.id.UUIDHexGenerator]
2024-09-28T22:19:37.240-05:00 DEBUG 3320 --- [Store] [    Test worker] org.hibernate.orm.idgen.factory          : Registering IdentifierGenerator strategy [assigned] -> [org.hibernate.id.Assigned]
2024-09-28T22:19:37.243-05:00 DEBUG 3320 --- [Store] [    Test worker] org.hibernate.orm.idgen.factory          : Registering IdentifierGenerator strategy [identity] -> [org.hibernate.id.IdentityGenerator]
2024-09-28T22:19:37.244-05:00 DEBUG 3320 --- [Store] [    Test worker] org.hibernate.orm.idgen.factory          : Registering IdentifierGenerator strategy [select] -> [org.hibernate.id.SelectGenerator]
2024-09-28T22:19:37.246-05:00 DEBUG 3320 --- [Store] [    Test worker] org.hibernate.orm.idgen.factory          : Registering IdentifierGenerator strategy [sequence] -> [org.hibernate.id.enhanced.SequenceStyleGenerator]
2024-09-28T22:19:37.247-05:00 DEBUG 3320 --- [Store] [    Test worker] org.hibernate.orm.idgen.factory          : Registering IdentifierGenerator strategy [increment] -> [org.hibernate.id.IncrementGenerator]
2024-09-28T22:19:37.248-05:00 DEBUG 3320 --- [Store] [    Test worker] org.hibernate.orm.idgen.factory          : Registering IdentifierGenerator strategy [foreign] -> [org.hibernate.id.ForeignGenerator]
2024-09-28T22:19:37.249-05:00 DEBUG 3320 --- [Store] [    Test worker] org.hibernate.orm.idgen.factory          : Registering IdentifierGenerator strategy [enhanced-sequence] -> [org.hibernate.id.enhanced.SequenceStyleGenerator]
2024-09-28T22:19:37.251-05:00 DEBUG 3320 --- [Store] [    Test worker] org.hibernate.orm.idgen.factory          : Registering IdentifierGenerator strategy [enhanced-table] -> [org.hibernate.id.enhanced.TableGenerator]
2024-09-28T22:19:37.286-05:00 DEBUG 3320 --- [Store] [    Test worker] o.h.c.internal.RegionFactoryInitiator    : Cannot default RegionFactory based on registered strategies as `[]` RegionFactory strategies were registered
2024-09-28T22:19:37.290-05:00  INFO 3320 --- [Store] [    Test worker] o.h.c.internal.RegionFactoryInitiator    : HHH000026: Second-level cache disabled
2024-09-28T22:19:37.576-05:00 DEBUG 3320 --- [Store] [    Test worker] org.hibernate.type.BasicTypeRegistry     : Adding type registration boolean -> org.hibernate.type.BasicTypeReference@7a55fb81
2024-09-28T22:19:37.576-05:00 DEBUG 3320 --- [Store] [    Test worker] org.hibernate.type.BasicTypeRegistry     : Adding type registration boolean -> org.hibernate.type.BasicTypeReference@7a55fb81
2024-09-28T22:19:37.576-05:00 DEBUG 3320 --- [Store] [    Test worker] org.hibernate.type.BasicTypeRegistry     : Adding type registration java.lang.Boolean -> org.hibernate.type.BasicTypeReference@7a55fb81
2024-09-28T22:19:37.576-05:00 DEBUG 3320 --- [Store] [    Test worker] org.hibernate.type.BasicTypeRegistry     : Adding type registration numeric_boolean -> org.hibernate.type.BasicTypeReference@5a3cf878
2024-09-28T22:19:37.576-05:00 DEBUG 3320 --- [Store] [    Test worker] org.hibernate.type.BasicTypeRegistry     : Adding type registration org.hibernate.type.NumericBooleanConverter -> org.hibernate.type.BasicTypeReference@5a3cf878
2024-09-28T22:19:37.576-05:00 DEBUG 3320 --- [Store] [    Test worker] org.hibernate.type.BasicTypeRegistry     : Adding type registration true_false -> org.hibernate.type.BasicTypeReference@1d2d8846
2024-09-28T22:19:37.576-05:00 DEBUG 3320 --- [Store] [    Test worker] org.hibernate.type.BasicTypeRegistry     : Adding type registration org.hibernate.type.TrueFalseConverter -> org.hibernate.type.BasicTypeReference@1d2d8846
2024-09-28T22:19:37.576-05:00 DEBUG 3320 --- [Store] [    Test worker] org.hibernate.type.BasicTypeRegistry     : Adding type registration yes_no -> org.hibernate.type.BasicTypeReference@34cd65ac
2024-09-28T22:19:37.576-05:00 DEBUG 3320 --- [Store] [    Test worker] org.hibernate.type.BasicTypeRegistry     : Adding type registration org.hibernate.type.YesNoConverter -> org.hibernate.type.BasicTypeReference@34cd65ac
2024-09-28T22:19:37.576-05:00 DEBUG 3320 --- [Store] [    Test worker] org.hibernate.type.BasicTypeRegistry     : Adding type registration byte -> org.hibernate.type.BasicTypeReference@61911947
2024-09-28T22:19:37.577-05:00 DEBUG 3320 --- [Store] [    Test worker] org.hibernate.type.BasicTypeRegistry     : Adding type registration byte -> org.hibernate.type.BasicTypeReference@61911947
2024-09-28T22:19:37.577-05:00 DEBUG 3320 --- [Store] [    Test worker] org.hibernate.type.BasicTypeRegistry     : Adding type registration java.lang.Byte -> org.hibernate.type.BasicTypeReference@61911947
2024-09-28T22:19:37.578-05:00 DEBUG 3320 --- [Store] [    Test worker] org.hibernate.type.BasicTypeRegistry     : Adding type registration binary -> org.hibernate.type.BasicTypeReference@5c53c235
2024-09-28T22:19:37.578-05:00 DEBUG 3320 --- [Store] [    Test worker] org.hibernate.type.BasicTypeRegistry     : Adding type registration byte[] -> org.hibernate.type.BasicTypeReference@5c53c235
2024-09-28T22:19:37.578-05:00 DEBUG 3320 --- [Store] [    Test worker] org.hibernate.type.BasicTypeRegistry     : Adding type registration [B -> org.hibernate.type.BasicTypeReference@5c53c235
2024-09-28T22:19:37.578-05:00 DEBUG 3320 --- [Store] [    Test worker] org.hibernate.type.BasicTypeRegistry     : Adding type registration binary_wrapper -> org.hibernate.type.BasicTypeReference@2dcd0e41
2024-09-28T22:19:37.578-05:00 DEBUG 3320 --- [Store] [    Test worker] org.hibernate.type.BasicTypeRegistry     : Adding type registration wrapper-binary -> org.hibernate.type.BasicTypeReference@2dcd0e41
2024-09-28T22:19:37.579-05:00 DEBUG 3320 --- [Store] [    Test worker] org.hibernate.type.BasicTypeRegistry     : Adding type registration image -> org.hibernate.type.BasicTypeReference@7272ee51
2024-09-28T22:19:37.579-05:00 DEBUG 3320 --- [Store] [    Test worker] org.hibernate.type.BasicTypeRegistry     : Adding type registration blob -> org.hibernate.type.BasicTypeReference@1b409a79
2024-09-28T22:19:37.579-05:00 DEBUG 3320 --- [Store] [    Test worker] org.hibernate.type.BasicTypeRegistry     : Adding type registration java.sql.Blob -> org.hibernate.type.BasicTypeReference@1b409a79
2024-09-28T22:19:37.580-05:00 DEBUG 3320 --- [Store] [    Test worker] org.hibernate.type.BasicTypeRegistry     : Adding type registration materialized_blob -> org.hibernate.type.BasicTypeReference@5940b14e
2024-09-28T22:19:37.580-05:00 DEBUG 3320 --- [Store] [    Test worker] org.hibernate.type.BasicTypeRegistry     : Adding type registration materialized_blob_wrapper -> org.hibernate.type.BasicTypeReference@1cba0321
2024-09-28T22:19:37.580-05:00 DEBUG 3320 --- [Store] [    Test worker] org.hibernate.type.BasicTypeRegistry     : Adding type registration short -> org.hibernate.type.BasicTypeReference@795f6681
2024-09-28T22:19:37.580-05:00 DEBUG 3320 --- [Store] [    Test worker] org.hibernate.type.BasicTypeRegistry     : Adding type registration short -> org.hibernate.type.BasicTypeReference@795f6681
2024-09-28T22:19:37.580-05:00 DEBUG 3320 --- [Store] [    Test worker] org.hibernate.type.BasicTypeRegistry     : Adding type registration java.lang.Short -> org.hibernate.type.BasicTypeReference@795f6681
2024-09-28T22:19:37.580-05:00 DEBUG 3320 --- [Store] [    Test worker] org.hibernate.type.BasicTypeRegistry     : Adding type registration integer -> org.hibernate.type.BasicTypeReference@66d3b881
2024-09-28T22:19:37.580-05:00 DEBUG 3320 --- [Store] [    Test worker] org.hibernate.type.BasicTypeRegistry     : Adding type registration int -> org.hibernate.type.BasicTypeReference@66d3b881
2024-09-28T22:19:37.580-05:00 DEBUG 3320 --- [Store] [    Test worker] org.hibernate.type.BasicTypeRegistry     : Adding type registration java.lang.Integer -> org.hibernate.type.BasicTypeReference@66d3b881
2024-09-28T22:19:37.580-05:00 DEBUG 3320 --- [Store] [    Test worker] org.hibernate.type.BasicTypeRegistry     : Adding type registration long -> org.hibernate.type.BasicTypeReference@3a45afd4
2024-09-28T22:19:37.580-05:00 DEBUG 3320 --- [Store] [    Test worker] org.hibernate.type.BasicTypeRegistry     : Adding type registration long -> org.hibernate.type.BasicTypeReference@3a45afd4
2024-09-28T22:19:37.581-05:00 DEBUG 3320 --- [Store] [    Test worker] org.hibernate.type.BasicTypeRegistry     : Adding type registration java.lang.Long -> org.hibernate.type.BasicTypeReference@3a45afd4
2024-09-28T22:19:37.581-05:00 DEBUG 3320 --- [Store] [    Test worker] org.hibernate.type.BasicTypeRegistry     : Adding type registration float -> org.hibernate.type.BasicTypeReference@762a10b6
2024-09-28T22:19:37.581-05:00 DEBUG 3320 --- [Store] [    Test worker] org.hibernate.type.BasicTypeRegistry     : Adding type registration float -> org.hibernate.type.BasicTypeReference@762a10b6
2024-09-28T22:19:37.581-05:00 DEBUG 3320 --- [Store] [    Test worker] org.hibernate.type.BasicTypeRegistry     : Adding type registration java.lang.Float -> org.hibernate.type.BasicTypeReference@762a10b6
2024-09-28T22:19:37.581-05:00 DEBUG 3320 --- [Store] [    Test worker] org.hibernate.type.BasicTypeRegistry     : Adding type registration double -> org.hibernate.type.BasicTypeReference@74431b9c
2024-09-28T22:19:37.581-05:00 DEBUG 3320 --- [Store] [    Test worker] org.hibernate.type.BasicTypeRegistry     : Adding type registration double -> org.hibernate.type.BasicTypeReference@74431b9c
2024-09-28T22:19:37.581-05:00 DEBUG 3320 --- [Store] [    Test worker] org.hibernate.type.BasicTypeRegistry     : Adding type registration java.lang.Double -> org.hibernate.type.BasicTypeReference@74431b9c
2024-09-28T22:19:37.581-05:00 DEBUG 3320 --- [Store] [    Test worker] org.hibernate.type.BasicTypeRegistry     : Adding type registration big_integer -> org.hibernate.type.BasicTypeReference@f2fb225
2024-09-28T22:19:37.582-05:00 DEBUG 3320 --- [Store] [    Test worker] org.hibernate.type.BasicTypeRegistry     : Adding type registration java.math.BigInteger -> org.hibernate.type.BasicTypeReference@f2fb225
2024-09-28T22:19:37.582-05:00 DEBUG 3320 --- [Store] [    Test worker] org.hibernate.type.BasicTypeRegistry     : Adding type registration big_decimal -> org.hibernate.type.BasicTypeReference@1883871b
2024-09-28T22:19:37.582-05:00 DEBUG 3320 --- [Store] [    Test worker] org.hibernate.type.BasicTypeRegistry     : Adding type registration java.math.BigDecimal -> org.hibernate.type.BasicTypeReference@1883871b
2024-09-28T22:19:37.582-05:00 DEBUG 3320 --- [Store] [    Test worker] org.hibernate.type.BasicTypeRegistry     : Adding type registration character -> org.hibernate.type.BasicTypeReference@3e0a9b1d
2024-09-28T22:19:37.582-05:00 DEBUG 3320 --- [Store] [    Test worker] org.hibernate.type.BasicTypeRegistry     : Adding type registration char -> org.hibernate.type.BasicTypeReference@3e0a9b1d
2024-09-28T22:19:37.582-05:00 DEBUG 3320 --- [Store] [    Test worker] org.hibernate.type.BasicTypeRegistry     : Adding type registration java.lang.Character -> org.hibernate.type.BasicTypeReference@3e0a9b1d
2024-09-28T22:19:37.582-05:00 DEBUG 3320 --- [Store] [    Test worker] org.hibernate.type.BasicTypeRegistry     : Adding type registration character_nchar -> org.hibernate.type.BasicTypeReference@52f9e8bb
2024-09-28T22:19:37.582-05:00 DEBUG 3320 --- [Store] [    Test worker] org.hibernate.type.BasicTypeRegistry     : Adding type registration string -> org.hibernate.type.BasicTypeReference@2035d65b
2024-09-28T22:19:37.582-05:00 DEBUG 3320 --- [Store] [    Test worker] org.hibernate.type.BasicTypeRegistry     : Adding type registration java.lang.String -> org.hibernate.type.BasicTypeReference@2035d65b
2024-09-28T22:19:37.583-05:00 DEBUG 3320 --- [Store] [    Test worker] org.hibernate.type.BasicTypeRegistry     : Adding type registration nstring -> org.hibernate.type.BasicTypeReference@240a2619
2024-09-28T22:19:37.583-05:00 DEBUG 3320 --- [Store] [    Test worker] org.hibernate.type.BasicTypeRegistry     : Adding type registration characters -> org.hibernate.type.BasicTypeReference@4e3283f6
2024-09-28T22:19:37.583-05:00 DEBUG 3320 --- [Store] [    Test worker] org.hibernate.type.BasicTypeRegistry     : Adding type registration char[] -> org.hibernate.type.BasicTypeReference@4e3283f6
2024-09-28T22:19:37.583-05:00 DEBUG 3320 --- [Store] [    Test worker] org.hibernate.type.BasicTypeRegistry     : Adding type registration [C -> org.hibernate.type.BasicTypeReference@4e3283f6
2024-09-28T22:19:37.583-05:00 DEBUG 3320 --- [Store] [    Test worker] org.hibernate.type.BasicTypeRegistry     : Adding type registration wrapper-characters -> org.hibernate.type.BasicTypeReference@539316bb
2024-09-28T22:19:37.583-05:00 DEBUG 3320 --- [Store] [    Test worker] org.hibernate.type.BasicTypeRegistry     : Adding type registration text -> org.hibernate.type.BasicTypeReference@5d1a859c
2024-09-28T22:19:37.584-05:00 DEBUG 3320 --- [Store] [    Test worker] org.hibernate.type.BasicTypeRegistry     : Adding type registration ntext -> org.hibernate.type.BasicTypeReference@28554ac8
2024-09-28T22:19:37.584-05:00 DEBUG 3320 --- [Store] [    Test worker] org.hibernate.type.BasicTypeRegistry     : Adding type registration clob -> org.hibernate.type.BasicTypeReference@72224107
2024-09-28T22:19:37.584-05:00 DEBUG 3320 --- [Store] [    Test worker] org.hibernate.type.BasicTypeRegistry     : Adding type registration java.sql.Clob -> org.hibernate.type.BasicTypeReference@72224107
2024-09-28T22:19:37.584-05:00 DEBUG 3320 --- [Store] [    Test worker] org.hibernate.type.BasicTypeRegistry     : Adding type registration nclob -> org.hibernate.type.BasicTypeReference@394fb736
2024-09-28T22:19:37.584-05:00 DEBUG 3320 --- [Store] [    Test worker] org.hibernate.type.BasicTypeRegistry     : Adding type registration java.sql.NClob -> org.hibernate.type.BasicTypeReference@394fb736
2024-09-28T22:19:37.584-05:00 DEBUG 3320 --- [Store] [    Test worker] org.hibernate.type.BasicTypeRegistry     : Adding type registration materialized_clob -> org.hibernate.type.BasicTypeReference@3070f3e6
2024-09-28T22:19:37.584-05:00 DEBUG 3320 --- [Store] [    Test worker] org.hibernate.type.BasicTypeRegistry     : Adding type registration materialized_clob_char_array -> org.hibernate.type.BasicTypeReference@3271ec2a
2024-09-28T22:19:37.585-05:00 DEBUG 3320 --- [Store] [    Test worker] org.hibernate.type.BasicTypeRegistry     : Adding type registration materialized_clob_character_array -> org.hibernate.type.BasicTypeReference@52bba91a
2024-09-28T22:19:37.585-05:00 DEBUG 3320 --- [Store] [    Test worker] org.hibernate.type.BasicTypeRegistry     : Adding type registration materialized_nclob -> org.hibernate.type.BasicTypeReference@1689527c
2024-09-28T22:19:37.585-05:00 DEBUG 3320 --- [Store] [    Test worker] org.hibernate.type.BasicTypeRegistry     : Adding type registration materialized_nclob_character_array -> org.hibernate.type.BasicTypeReference@21516c88
2024-09-28T22:19:37.585-05:00 DEBUG 3320 --- [Store] [    Test worker] org.hibernate.type.BasicTypeRegistry     : Adding type registration materialized_nclob_char_array -> org.hibernate.type.BasicTypeReference@1c7cd434
2024-09-28T22:19:37.585-05:00 DEBUG 3320 --- [Store] [    Test worker] org.hibernate.type.BasicTypeRegistry     : Adding type registration Duration -> org.hibernate.type.BasicTypeReference@13004dd8
2024-09-28T22:19:37.585-05:00 DEBUG 3320 --- [Store] [    Test worker] org.hibernate.type.BasicTypeRegistry     : Adding type registration java.time.Duration -> org.hibernate.type.BasicTypeReference@13004dd8
2024-09-28T22:19:37.585-05:00 DEBUG 3320 --- [Store] [    Test worker] org.hibernate.type.BasicTypeRegistry     : Adding type registration LocalDateTime -> org.hibernate.type.BasicTypeReference@4fc6e776
2024-09-28T22:19:37.585-05:00 DEBUG 3320 --- [Store] [    Test worker] org.hibernate.type.BasicTypeRegistry     : Adding type registration java.time.LocalDateTime -> org.hibernate.type.BasicTypeReference@4fc6e776
2024-09-28T22:19:37.586-05:00 DEBUG 3320 --- [Store] [    Test worker] org.hibernate.type.BasicTypeRegistry     : Adding type registration LocalDate -> org.hibernate.type.BasicTypeReference@65d9e72a
2024-09-28T22:19:37.586-05:00 DEBUG 3320 --- [Store] [    Test worker] org.hibernate.type.BasicTypeRegistry     : Adding type registration java.time.LocalDate -> org.hibernate.type.BasicTypeReference@65d9e72a
2024-09-28T22:19:37.586-05:00 DEBUG 3320 --- [Store] [    Test worker] org.hibernate.type.BasicTypeRegistry     : Adding type registration LocalTime -> org.hibernate.type.BasicTypeReference@1f7e52d1
2024-09-28T22:19:37.586-05:00 DEBUG 3320 --- [Store] [    Test worker] org.hibernate.type.BasicTypeRegistry     : Adding type registration java.time.LocalTime -> org.hibernate.type.BasicTypeReference@1f7e52d1
2024-09-28T22:19:37.586-05:00 DEBUG 3320 --- [Store] [    Test worker] org.hibernate.type.BasicTypeRegistry     : Adding type registration OffsetDateTime -> org.hibernate.type.BasicTypeReference@e01a26b
2024-09-28T22:19:37.586-05:00 DEBUG 3320 --- [Store] [    Test worker] org.hibernate.type.BasicTypeRegistry     : Adding type registration java.time.OffsetDateTime -> org.hibernate.type.BasicTypeReference@e01a26b
2024-09-28T22:19:37.586-05:00 DEBUG 3320 --- [Store] [    Test worker] org.hibernate.type.BasicTypeRegistry     : Adding type registration OffsetDateTimeWithTimezone -> org.hibernate.type.BasicTypeReference@7604198a
2024-09-28T22:19:37.586-05:00 DEBUG 3320 --- [Store] [    Test worker] org.hibernate.type.BasicTypeRegistry     : Adding type registration OffsetDateTimeWithoutTimezone -> org.hibernate.type.BasicTypeReference@5cce40d7
2024-09-28T22:19:37.586-05:00 DEBUG 3320 --- [Store] [    Test worker] org.hibernate.type.BasicTypeRegistry     : Adding type registration OffsetTime -> org.hibernate.type.BasicTypeReference@314b7945
2024-09-28T22:19:37.586-05:00 DEBUG 3320 --- [Store] [    Test worker] org.hibernate.type.BasicTypeRegistry     : Adding type registration java.time.OffsetTime -> org.hibernate.type.BasicTypeReference@314b7945
2024-09-28T22:19:37.586-05:00 DEBUG 3320 --- [Store] [    Test worker] org.hibernate.type.BasicTypeRegistry     : Adding type registration OffsetTimeUtc -> org.hibernate.type.BasicTypeReference@32da97fd
2024-09-28T22:19:37.586-05:00 DEBUG 3320 --- [Store] [    Test worker] org.hibernate.type.BasicTypeRegistry     : Adding type registration OffsetTimeWithTimezone -> org.hibernate.type.BasicTypeReference@64440065
2024-09-28T22:19:37.586-05:00 DEBUG 3320 --- [Store] [    Test worker] org.hibernate.type.BasicTypeRegistry     : Adding type registration OffsetTimeWithoutTimezone -> org.hibernate.type.BasicTypeReference@4aa22cc2
2024-09-28T22:19:37.586-05:00 DEBUG 3320 --- [Store] [    Test worker] org.hibernate.type.BasicTypeRegistry     : Adding type registration ZonedDateTime -> org.hibernate.type.BasicTypeReference@2049e582
2024-09-28T22:19:37.586-05:00 DEBUG 3320 --- [Store] [    Test worker] org.hibernate.type.BasicTypeRegistry     : Adding type registration java.time.ZonedDateTime -> org.hibernate.type.BasicTypeReference@2049e582
2024-09-28T22:19:37.587-05:00 DEBUG 3320 --- [Store] [    Test worker] org.hibernate.type.BasicTypeRegistry     : Adding type registration ZonedDateTimeWithTimezone -> org.hibernate.type.BasicTypeReference@464aeb09
2024-09-28T22:19:37.587-05:00 DEBUG 3320 --- [Store] [    Test worker] org.hibernate.type.BasicTypeRegistry     : Adding type registration ZonedDateTimeWithoutTimezone -> org.hibernate.type.BasicTypeReference@2c99c8d
2024-09-28T22:19:37.587-05:00 DEBUG 3320 --- [Store] [    Test worker] org.hibernate.type.BasicTypeRegistry     : Adding type registration date -> org.hibernate.type.BasicTypeReference@59d6642a
2024-09-28T22:19:37.587-05:00 DEBUG 3320 --- [Store] [    Test worker] org.hibernate.type.BasicTypeRegistry     : Adding type registration java.sql.Date -> org.hibernate.type.BasicTypeReference@59d6642a
2024-09-28T22:19:37.587-05:00 DEBUG 3320 --- [Store] [    Test worker] org.hibernate.type.BasicTypeRegistry     : Adding type registration time -> org.hibernate.type.BasicTypeReference@365cef67
2024-09-28T22:19:37.588-05:00 DEBUG 3320 --- [Store] [    Test worker] org.hibernate.type.BasicTypeRegistry     : Adding type registration java.sql.Time -> org.hibernate.type.BasicTypeReference@365cef67
2024-09-28T22:19:37.588-05:00 DEBUG 3320 --- [Store] [    Test worker] org.hibernate.type.BasicTypeRegistry     : Adding type registration timestamp -> org.hibernate.type.BasicTypeReference@27df5806
2024-09-28T22:19:37.588-05:00 DEBUG 3320 --- [Store] [    Test worker] org.hibernate.type.BasicTypeRegistry     : Adding type registration java.sql.Timestamp -> org.hibernate.type.BasicTypeReference@27df5806
2024-09-28T22:19:37.588-05:00 DEBUG 3320 --- [Store] [    Test worker] org.hibernate.type.BasicTypeRegistry     : Adding type registration java.util.Date -> org.hibernate.type.BasicTypeReference@27df5806
2024-09-28T22:19:37.588-05:00 DEBUG 3320 --- [Store] [    Test worker] org.hibernate.type.BasicTypeRegistry     : Adding type registration calendar -> org.hibernate.type.BasicTypeReference@69bc9584
2024-09-28T22:19:37.588-05:00 DEBUG 3320 --- [Store] [    Test worker] org.hibernate.type.BasicTypeRegistry     : Adding type registration java.util.Calendar -> org.hibernate.type.BasicTypeReference@69bc9584
2024-09-28T22:19:37.588-05:00 DEBUG 3320 --- [Store] [    Test worker] org.hibernate.type.BasicTypeRegistry     : Adding type registration java.util.GregorianCalendar -> org.hibernate.type.BasicTypeReference@69bc9584
2024-09-28T22:19:37.588-05:00 DEBUG 3320 --- [Store] [    Test worker] org.hibernate.type.BasicTypeRegistry     : Adding type registration calendar_date -> org.hibernate.type.BasicTypeReference@3214bad
2024-09-28T22:19:37.588-05:00 DEBUG 3320 --- [Store] [    Test worker] org.hibernate.type.BasicTypeRegistry     : Adding type registration calendar_time -> org.hibernate.type.BasicTypeReference@52d7ab79
2024-09-28T22:19:37.588-05:00 DEBUG 3320 --- [Store] [    Test worker] org.hibernate.type.BasicTypeRegistry     : Adding type registration instant -> org.hibernate.type.BasicTypeReference@f95d64d
2024-09-28T22:19:37.589-05:00 DEBUG 3320 --- [Store] [    Test worker] org.hibernate.type.BasicTypeRegistry     : Adding type registration java.time.Instant -> org.hibernate.type.BasicTypeReference@f95d64d
2024-09-28T22:19:37.589-05:00 DEBUG 3320 --- [Store] [    Test worker] org.hibernate.type.BasicTypeRegistry     : Adding type registration uuid -> org.hibernate.type.BasicTypeReference@288728e
2024-09-28T22:19:37.589-05:00 DEBUG 3320 --- [Store] [    Test worker] org.hibernate.type.BasicTypeRegistry     : Adding type registration java.util.UUID -> org.hibernate.type.BasicTypeReference@288728e
2024-09-28T22:19:37.589-05:00 DEBUG 3320 --- [Store] [    Test worker] org.hibernate.type.BasicTypeRegistry     : Adding type registration pg-uuid -> org.hibernate.type.BasicTypeReference@288728e
2024-09-28T22:19:37.589-05:00 DEBUG 3320 --- [Store] [    Test worker] org.hibernate.type.BasicTypeRegistry     : Adding type registration uuid-binary -> org.hibernate.type.BasicTypeReference@b7d2d51
2024-09-28T22:19:37.589-05:00 DEBUG 3320 --- [Store] [    Test worker] org.hibernate.type.BasicTypeRegistry     : Adding type registration uuid-char -> org.hibernate.type.BasicTypeReference@641ed324
2024-09-28T22:19:37.589-05:00 DEBUG 3320 --- [Store] [    Test worker] org.hibernate.type.BasicTypeRegistry     : Adding type registration class -> org.hibernate.type.BasicTypeReference@45984654
2024-09-28T22:19:37.589-05:00 DEBUG 3320 --- [Store] [    Test worker] org.hibernate.type.BasicTypeRegistry     : Adding type registration java.lang.Class -> org.hibernate.type.BasicTypeReference@45984654
2024-09-28T22:19:37.590-05:00 DEBUG 3320 --- [Store] [    Test worker] org.hibernate.type.BasicTypeRegistry     : Adding type registration currency -> org.hibernate.type.BasicTypeReference@4c5406b
2024-09-28T22:19:37.590-05:00 DEBUG 3320 --- [Store] [    Test worker] org.hibernate.type.BasicTypeRegistry     : Adding type registration Currency -> org.hibernate.type.BasicTypeReference@4c5406b
2024-09-28T22:19:37.590-05:00 DEBUG 3320 --- [Store] [    Test worker] org.hibernate.type.BasicTypeRegistry     : Adding type registration java.util.Currency -> org.hibernate.type.BasicTypeReference@4c5406b
2024-09-28T22:19:37.590-05:00 DEBUG 3320 --- [Store] [    Test worker] org.hibernate.type.BasicTypeRegistry     : Adding type registration locale -> org.hibernate.type.BasicTypeReference@66b0e207
2024-09-28T22:19:37.590-05:00 DEBUG 3320 --- [Store] [    Test worker] org.hibernate.type.BasicTypeRegistry     : Adding type registration java.util.Locale -> org.hibernate.type.BasicTypeReference@66b0e207
2024-09-28T22:19:37.590-05:00 DEBUG 3320 --- [Store] [    Test worker] org.hibernate.type.BasicTypeRegistry     : Adding type registration serializable -> org.hibernate.type.BasicTypeReference@74a58a06
2024-09-28T22:19:37.590-05:00 DEBUG 3320 --- [Store] [    Test worker] org.hibernate.type.BasicTypeRegistry     : Adding type registration java.io.Serializable -> org.hibernate.type.BasicTypeReference@74a58a06
2024-09-28T22:19:37.590-05:00 DEBUG 3320 --- [Store] [    Test worker] org.hibernate.type.BasicTypeRegistry     : Adding type registration timezone -> org.hibernate.type.BasicTypeReference@7308c820
2024-09-28T22:19:37.590-05:00 DEBUG 3320 --- [Store] [    Test worker] org.hibernate.type.BasicTypeRegistry     : Adding type registration java.util.TimeZone -> org.hibernate.type.BasicTypeReference@7308c820
2024-09-28T22:19:37.591-05:00 DEBUG 3320 --- [Store] [    Test worker] org.hibernate.type.BasicTypeRegistry     : Adding type registration ZoneOffset -> org.hibernate.type.BasicTypeReference@5d601832
2024-09-28T22:19:37.591-05:00 DEBUG 3320 --- [Store] [    Test worker] org.hibernate.type.BasicTypeRegistry     : Adding type registration java.time.ZoneOffset -> org.hibernate.type.BasicTypeReference@5d601832
2024-09-28T22:19:37.591-05:00 DEBUG 3320 --- [Store] [    Test worker] org.hibernate.type.BasicTypeRegistry     : Adding type registration url -> org.hibernate.type.BasicTypeReference@3ca17943
2024-09-28T22:19:37.591-05:00 DEBUG 3320 --- [Store] [    Test worker] org.hibernate.type.BasicTypeRegistry     : Adding type registration java.net.URL -> org.hibernate.type.BasicTypeReference@3ca17943
2024-09-28T22:19:37.591-05:00 DEBUG 3320 --- [Store] [    Test worker] org.hibernate.type.BasicTypeRegistry     : Adding type registration vector -> org.hibernate.type.BasicTypeReference@640c216b
2024-09-28T22:19:37.591-05:00 DEBUG 3320 --- [Store] [    Test worker] org.hibernate.type.BasicTypeRegistry     : Adding type registration row_version -> org.hibernate.type.BasicTypeReference@5170bc02
2024-09-28T22:19:37.626-05:00 DEBUG 3320 --- [Store] [    Test worker] org.hibernate.type.BasicTypeRegistry     : Adding type registration object -> org.hibernate.type.JavaObjectType@635ff2a5
2024-09-28T22:19:37.626-05:00 DEBUG 3320 --- [Store] [    Test worker] org.hibernate.type.BasicTypeRegistry     : Adding type registration java.lang.Object -> org.hibernate.type.JavaObjectType@635ff2a5
2024-09-28T22:19:37.629-05:00 DEBUG 3320 --- [Store] [    Test worker] org.hibernate.type.BasicTypeRegistry     : Adding type registration null -> org.hibernate.type.NullType@64c25a62
2024-09-28T22:19:37.629-05:00 DEBUG 3320 --- [Store] [    Test worker] org.hibernate.type.BasicTypeRegistry     : Adding type registration imm_date -> org.hibernate.type.BasicTypeReference@43e8f1c
2024-09-28T22:19:37.629-05:00 DEBUG 3320 --- [Store] [    Test worker] org.hibernate.type.BasicTypeRegistry     : Adding type registration imm_time -> org.hibernate.type.BasicTypeReference@66a82a13
2024-09-28T22:19:37.630-05:00 DEBUG 3320 --- [Store] [    Test worker] org.hibernate.type.BasicTypeRegistry     : Adding type registration imm_timestamp -> org.hibernate.type.BasicTypeReference@675ec28b
2024-09-28T22:19:37.630-05:00 DEBUG 3320 --- [Store] [    Test worker] org.hibernate.type.BasicTypeRegistry     : Adding type registration imm_calendar -> org.hibernate.type.BasicTypeReference@11399548
2024-09-28T22:19:37.630-05:00 DEBUG 3320 --- [Store] [    Test worker] org.hibernate.type.BasicTypeRegistry     : Adding type registration imm_calendar_date -> org.hibernate.type.BasicTypeReference@610fbe1c
2024-09-28T22:19:37.630-05:00 DEBUG 3320 --- [Store] [    Test worker] org.hibernate.type.BasicTypeRegistry     : Adding type registration imm_calendar_time -> org.hibernate.type.BasicTypeReference@46d0f89c
2024-09-28T22:19:37.630-05:00 DEBUG 3320 --- [Store] [    Test worker] org.hibernate.type.BasicTypeRegistry     : Adding type registration imm_binary -> org.hibernate.type.BasicTypeReference@570b2057
2024-09-28T22:19:37.630-05:00 DEBUG 3320 --- [Store] [    Test worker] org.hibernate.type.BasicTypeRegistry     : Adding type registration imm_serializable -> org.hibernate.type.BasicTypeReference@a457c2b
2024-09-28T22:19:37.642-05:00 DEBUG 3320 --- [Store] [    Test worker] o.h.boot.internal.BootstrapContextImpl   : Injecting JPA temp ClassLoader [org.springframework.instrument.classloading.SimpleThrowawayClassLoader@5fb7ab9c] into BootstrapContext; was [null]
2024-09-28T22:19:37.643-05:00 DEBUG 3320 --- [Store] [    Test worker] o.h.boot.internal.ClassLoaderAccessImpl  : ClassLoaderAccessImpl#injectTempClassLoader(org.springframework.instrument.classloading.SimpleThrowawayClassLoader@5fb7ab9c) [was null]
2024-09-28T22:19:37.644-05:00 DEBUG 3320 --- [Store] [    Test worker] o.h.boot.internal.BootstrapContextImpl   : Injecting ScanEnvironment [org.hibernate.jpa.boot.internal.StandardJpaScanEnvironmentImpl@6ee37ca7] into BootstrapContext; was [null]
2024-09-28T22:19:37.645-05:00 DEBUG 3320 --- [Store] [    Test worker] o.h.boot.internal.BootstrapContextImpl   : Injecting ScanOptions [org.hibernate.boot.archive.scan.internal.StandardScanOptions@6775c0d1] into BootstrapContext; was [org.hibernate.boot.archive.scan.internal.StandardScanOptions@38f617f4]
2024-09-28T22:19:38.433-05:00  INFO 3320 --- [Store] [    Test worker] o.s.o.j.p.SpringPersistenceUnitInfo      : No LoadTimeWeaver setup: ignoring JPA class transformer
2024-09-28T22:19:38.433-05:00 DEBUG 3320 --- [Store] [    Test worker] o.h.boot.internal.BootstrapContextImpl   : Injecting JPA temp ClassLoader [null] into BootstrapContext; was [org.springframework.instrument.classloading.SimpleThrowawayClassLoader@5fb7ab9c]
2024-09-28T22:19:38.433-05:00 DEBUG 3320 --- [Store] [    Test worker] o.h.boot.internal.ClassLoaderAccessImpl  : ClassLoaderAccessImpl#injectTempClassLoader(null) [was org.springframework.instrument.classloading.SimpleThrowawayClassLoader@5fb7ab9c]
2024-09-28T22:19:38.522-05:00  INFO 3320 --- [Store] [    Test worker] com.zaxxer.hikari.HikariDataSource       : HikariPool-1 - Starting...
2024-09-28T22:19:40.699-05:00  INFO 3320 --- [Store] [    Test worker] com.zaxxer.hikari.pool.HikariPool        : HikariPool-1 - Added connection org.postgresql.jdbc.PgConnection@42edde25
2024-09-28T22:19:40.704-05:00  INFO 3320 --- [Store] [    Test worker] com.zaxxer.hikari.HikariDataSource       : HikariPool-1 - Start completed.
2024-09-28T22:19:40.719-05:00 DEBUG 3320 --- [Store] [    Test worker] o.h.e.j.e.i.JdbcEnvironmentInitiator     : Database ->
	   name : PostgreSQL
	version : 16.3 (Debian 16.3-1.pgdg120+1)
	  major : 16
	  minor : 3
2024-09-28T22:19:40.719-05:00 DEBUG 3320 --- [Store] [    Test worker] o.h.e.j.e.i.JdbcEnvironmentInitiator     : Driver ->
	   name : PostgreSQL JDBC Driver
	version : 42.7.4
	  major : 42
	  minor : 7
2024-09-28T22:19:40.721-05:00 DEBUG 3320 --- [Store] [    Test worker] o.h.e.j.e.i.JdbcEnvironmentInitiator     : JDBC version : 4.2
2024-09-28T22:19:40.873-05:00  WARN 3320 --- [Store] [    Test worker] org.hibernate.orm.deprecation            : HHH90000025: PostgreSQLDialect does not need to be specified explicitly using 'hibernate.dialect' (remove the property setting and it will be selected by default)
2024-09-28T22:19:40.876-05:00 DEBUG 3320 --- [Store] [    Test worker] org.hibernate.orm.dialect                : HHH035001: Using dialect: org.hibernate.dialect.PostgreSQLDialect, version: 16.3
2024-09-28T22:19:40.881-05:00 DEBUG 3320 --- [Store] [    Test worker] o.h.e.j.env.spi.IdentifierHelperBuilder  : JDBC driver metadata reported database stores quoted identifiers in neither upper, lower nor mixed case
2024-09-28T22:19:41.067-05:00 DEBUG 3320 --- [Store] [    Test worker] org.hibernate.orm.jdbc.lob               : HHH10010004: Disabling contextual LOB creation as Dialect reported it is not supported
2024-09-28T22:19:41.088-05:00 DEBUG 3320 --- [Store] [    Test worker] o.h.t.d.sql.spi.DdlTypeRegistry          : addDescriptor(2003, org.hibernate.type.descriptor.sql.internal.ArrayDdlTypeImpl@3639b04) replaced previous registration(org.hibernate.type.descriptor.sql.internal.ArrayDdlTypeImpl@5cb8580)
2024-09-28T22:19:41.089-05:00 DEBUG 3320 --- [Store] [    Test worker] o.h.t.d.sql.spi.DdlTypeRegistry          : addDescriptor(6, org.hibernate.type.descriptor.sql.internal.CapacityDependentDdlType@2ca1e49a) replaced previous registration(org.hibernate.type.descriptor.sql.internal.DdlTypeImpl@1aee6d14)
2024-09-28T22:19:41.094-05:00 DEBUG 3320 --- [Store] [    Test worker] o.h.t.d.jdbc.spi.JdbcTypeRegistry        : addDescriptor(2004, BlobTypeDescriptor(BLOB_BINDING)) replaced previous registration(BlobTypeDescriptor(DEFAULT))
2024-09-28T22:19:41.094-05:00 DEBUG 3320 --- [Store] [    Test worker] o.h.t.d.jdbc.spi.JdbcTypeRegistry        : addDescriptor(2005, ClobTypeDescriptor(CLOB_BINDING)) replaced previous registration(ClobTypeDescriptor(DEFAULT))
2024-09-28T22:19:41.111-05:00 DEBUG 3320 --- [Store] [    Test worker] org.hibernate.type.BasicTypeRegistry     : Adding type registration JAVA_OBJECT -> org.hibernate.type.JavaObjectType@1feb586d
2024-09-28T22:19:41.111-05:00 DEBUG 3320 --- [Store] [    Test worker] org.hibernate.type.BasicTypeRegistry     : Adding type registration java.lang.Object -> org.hibernate.type.JavaObjectType@1feb586d
2024-09-28T22:19:41.111-05:00 DEBUG 3320 --- [Store] [    Test worker] org.hibernate.type.BasicTypeRegistry     : Type registration key [java.lang.Object] overrode previous entry : `org.hibernate.type.JavaObjectType@635ff2a5`
2024-09-28T22:19:41.120-05:00 DEBUG 3320 --- [Store] [    Test worker] org.hibernate.type.BasicTypeRegistry     : Adding type registration org.hibernate.type.DurationType -> basicType@1(java.time.Duration,3015)
2024-09-28T22:19:41.120-05:00 DEBUG 3320 --- [Store] [    Test worker] org.hibernate.type.BasicTypeRegistry     : Adding type registration Duration -> basicType@1(java.time.Duration,3015)
2024-09-28T22:19:41.120-05:00 DEBUG 3320 --- [Store] [    Test worker] org.hibernate.type.BasicTypeRegistry     : Adding type registration java.time.Duration -> basicType@1(java.time.Duration,3015)
2024-09-28T22:19:41.125-05:00 DEBUG 3320 --- [Store] [    Test worker] org.hibernate.type.BasicTypeRegistry     : Adding type registration org.hibernate.type.OffsetDateTimeType -> basicType@2(java.time.OffsetDateTime,3003)
2024-09-28T22:19:41.126-05:00 DEBUG 3320 --- [Store] [    Test worker] org.hibernate.type.BasicTypeRegistry     : Adding type registration OffsetDateTime -> basicType@2(java.time.OffsetDateTime,3003)
2024-09-28T22:19:41.126-05:00 DEBUG 3320 --- [Store] [    Test worker] org.hibernate.type.BasicTypeRegistry     : Adding type registration java.time.OffsetDateTime -> basicType@2(java.time.OffsetDateTime,3003)
2024-09-28T22:19:41.126-05:00 DEBUG 3320 --- [Store] [    Test worker] org.hibernate.type.BasicTypeRegistry     : Adding type registration org.hibernate.type.ZonedDateTimeType -> basicType@3(java.time.ZonedDateTime,3003)
2024-09-28T22:19:41.126-05:00 DEBUG 3320 --- [Store] [    Test worker] org.hibernate.type.BasicTypeRegistry     : Adding type registration ZonedDateTime -> basicType@3(java.time.ZonedDateTime,3003)
2024-09-28T22:19:41.126-05:00 DEBUG 3320 --- [Store] [    Test worker] org.hibernate.type.BasicTypeRegistry     : Adding type registration java.time.ZonedDateTime -> basicType@3(java.time.ZonedDateTime,3003)
2024-09-28T22:19:41.127-05:00 DEBUG 3320 --- [Store] [    Test worker] org.hibernate.type.BasicTypeRegistry     : Adding type registration org.hibernate.type.OffsetTimeType -> basicType@4(java.time.OffsetTime,3007)
2024-09-28T22:19:41.127-05:00 DEBUG 3320 --- [Store] [    Test worker] org.hibernate.type.BasicTypeRegistry     : Adding type registration OffsetTime -> basicType@4(java.time.OffsetTime,3007)
2024-09-28T22:19:41.127-05:00 DEBUG 3320 --- [Store] [    Test worker] org.hibernate.type.BasicTypeRegistry     : Adding type registration java.time.OffsetTime -> basicType@4(java.time.OffsetTime,3007)
2024-09-28T22:19:41.130-05:00 DEBUG 3320 --- [Store] [    Test worker] o.h.type.spi.TypeConfiguration$Scope     : Scoping TypeConfiguration [org.hibernate.type.spi.TypeConfiguration@72e36677] to MetadataBuildingContext [org.hibernate.boot.internal.MetadataBuildingContextRootImpl@6b86826a]
2024-09-28T22:19:41.220-05:00 DEBUG 3320 --- [Store] [    Test worker] o.h.boot.model.relational.Namespace      : Created database namespace [logicalName=Name{catalog=null, schema=null}, physicalName=Name{catalog=null, schema=null}]
2024-09-28T22:19:41.326-05:00 DEBUG 3320 --- [Store] [    Test worker] o.h.boot.model.internal.EntityBinder     : Binding entity from annotated class: com.Store.Store.domain.dto.Client
2024-09-28T22:19:41.344-05:00 DEBUG 3320 --- [Store] [    Test worker] o.h.boot.model.internal.EntityBinder     : Import with entity name Client
2024-09-28T22:19:41.381-05:00 DEBUG 3320 --- [Store] [    Test worker] o.h.boot.model.internal.EntityBinder     : Bind entity com.Store.Store.domain.dto.Client on table clients
2024-09-28T22:19:41.406-05:00 DEBUG 3320 --- [Store] [    Test worker] o.h.boot.model.internal.AnnotatedColumn  : Binding column: AnnotatedDiscriminatorColumn(column='DTYPE')
2024-09-28T22:19:41.441-05:00 DEBUG 3320 --- [Store] [    Test worker] o.h.boot.model.internal.AnnotatedColumn  : Binding column: AnnotatedColumn(column='id')
2024-09-28T22:19:41.446-05:00 DEBUG 3320 --- [Store] [    Test worker] o.h.boot.internal.ClassLoaderAccessImpl  : Not known whether passed class name [com.Store.Store.domain.dto.Client] is safe
2024-09-28T22:19:41.446-05:00 DEBUG 3320 --- [Store] [    Test worker] o.h.boot.internal.ClassLoaderAccessImpl  : No temp ClassLoader provided; using live ClassLoader for loading potentially unsafe class : com.Store.Store.domain.dto.Client
2024-09-28T22:19:41.452-05:00 DEBUG 3320 --- [Store] [    Test worker] o.h.boot.model.internal.PropertyBinder   : MetadataSourceProcessor property id with lazy=false
2024-09-28T22:19:41.461-05:00 DEBUG 3320 --- [Store] [    Test worker] o.h.b.m.internal.AbstractPropertyHolder  : Attempting to locate auto-apply AttributeConverter for property [com.Store.Store.domain.dto.Client:id]
2024-09-28T22:19:41.470-05:00 DEBUG 3320 --- [Store] [    Test worker] o.h.b.model.internal.BasicValueBinder    : building BasicValue for id
2024-09-28T22:19:41.481-05:00 DEBUG 3320 --- [Store] [    Test worker] org.hibernate.mapping.BasicValue         : Skipping column re-registration: clients.id
2024-09-28T22:19:41.482-05:00 DEBUG 3320 --- [Store] [    Test worker] o.h.boot.model.internal.PropertyBinder   : Building property id
2024-09-28T22:19:41.487-05:00 DEBUG 3320 --- [Store] [    Test worker] o.h.boot.model.internal.BinderHelper     : #makeIdGenerator(BasicValue([Column(id)]), id, assigned, , ...)
2024-09-28T22:19:41.490-05:00 DEBUG 3320 --- [Store] [    Test worker] o.h.boot.model.internal.AnnotatedColumn  : Binding column: AnnotatedColumn(column='created_date')
2024-09-28T22:19:41.491-05:00 DEBUG 3320 --- [Store] [    Test worker] o.h.boot.model.internal.PropertyBinder   : MetadataSourceProcessor property createdDate with lazy=false
2024-09-28T22:19:41.491-05:00 DEBUG 3320 --- [Store] [    Test worker] o.h.b.m.internal.AbstractPropertyHolder  : Attempting to locate auto-apply AttributeConverter for property [com.Store.Store.domain.dto.Client:createdDate]
2024-09-28T22:19:41.491-05:00 DEBUG 3320 --- [Store] [    Test worker] o.h.b.model.internal.BasicValueBinder    : building BasicValue for createdDate
2024-09-28T22:19:41.491-05:00 DEBUG 3320 --- [Store] [    Test worker] org.hibernate.mapping.BasicValue         : Skipping column re-registration: clients.created_date
2024-09-28T22:19:41.491-05:00 DEBUG 3320 --- [Store] [    Test worker] o.h.boot.model.internal.PropertyBinder   : Building property createdDate
2024-09-28T22:19:41.492-05:00 DEBUG 3320 --- [Store] [    Test worker] o.h.boot.model.internal.AnnotatedColumn  : Binding column: AnnotatedColumn(column='document_number')
2024-09-28T22:19:41.492-05:00 DEBUG 3320 --- [Store] [    Test worker] o.h.boot.model.internal.PropertyBinder   : MetadataSourceProcessor property documentNumber with lazy=false
2024-09-28T22:19:41.492-05:00 DEBUG 3320 --- [Store] [    Test worker] o.h.b.m.internal.AbstractPropertyHolder  : Attempting to locate auto-apply AttributeConverter for property [com.Store.Store.domain.dto.Client:documentNumber]
2024-09-28T22:19:41.493-05:00 DEBUG 3320 --- [Store] [    Test worker] o.h.b.model.internal.BasicValueBinder    : building BasicValue for documentNumber
2024-09-28T22:19:41.493-05:00 DEBUG 3320 --- [Store] [    Test worker] org.hibernate.mapping.BasicValue         : Skipping column re-registration: clients.document_number
2024-09-28T22:19:41.493-05:00 DEBUG 3320 --- [Store] [    Test worker] o.h.boot.model.internal.PropertyBinder   : Building property documentNumber
2024-09-28T22:19:41.493-05:00 DEBUG 3320 --- [Store] [    Test worker] o.h.boot.model.internal.AnnotatedColumn  : Binding column: AnnotatedColumn(column='document_type')
2024-09-28T22:19:41.493-05:00 DEBUG 3320 --- [Store] [    Test worker] o.h.boot.model.internal.PropertyBinder   : MetadataSourceProcessor property documentType with lazy=false
2024-09-28T22:19:41.493-05:00 DEBUG 3320 --- [Store] [    Test worker] o.h.b.m.internal.AbstractPropertyHolder  : Attempting to locate auto-apply AttributeConverter for property [com.Store.Store.domain.dto.Client:documentType]
2024-09-28T22:19:41.493-05:00 DEBUG 3320 --- [Store] [    Test worker] o.h.b.model.internal.BasicValueBinder    : building BasicValue for documentType
2024-09-28T22:19:41.493-05:00 DEBUG 3320 --- [Store] [    Test worker] org.hibernate.mapping.BasicValue         : Skipping column re-registration: clients.document_type
2024-09-28T22:19:41.494-05:00 DEBUG 3320 --- [Store] [    Test worker] o.h.boot.model.internal.PropertyBinder   : Building property documentType
2024-09-28T22:19:41.494-05:00 DEBUG 3320 --- [Store] [    Test worker] o.h.boot.model.internal.AnnotatedColumn  : Binding column: AnnotatedColumn(column='email')
2024-09-28T22:19:41.494-05:00 DEBUG 3320 --- [Store] [    Test worker] o.h.boot.model.internal.PropertyBinder   : MetadataSourceProcessor property email with lazy=false
2024-09-28T22:19:41.494-05:00 DEBUG 3320 --- [Store] [    Test worker] o.h.b.m.internal.AbstractPropertyHolder  : Attempting to locate auto-apply AttributeConverter for property [com.Store.Store.domain.dto.Client:email]
2024-09-28T22:19:41.494-05:00 DEBUG 3320 --- [Store] [    Test worker] o.h.b.model.internal.BasicValueBinder    : building BasicValue for email
2024-09-28T22:19:41.494-05:00 DEBUG 3320 --- [Store] [    Test worker] org.hibernate.mapping.BasicValue         : Skipping column re-registration: clients.email
2024-09-28T22:19:41.494-05:00 DEBUG 3320 --- [Store] [    Test worker] o.h.boot.model.internal.PropertyBinder   : Building property email
2024-09-28T22:19:41.495-05:00 DEBUG 3320 --- [Store] [    Test worker] o.h.boot.model.internal.AnnotatedColumn  : Binding column: AnnotatedColumn(column='last_name')
2024-09-28T22:19:41.495-05:00 DEBUG 3320 --- [Store] [    Test worker] o.h.boot.model.internal.PropertyBinder   : MetadataSourceProcessor property lastName with lazy=false
2024-09-28T22:19:41.495-05:00 DEBUG 3320 --- [Store] [    Test worker] o.h.b.m.internal.AbstractPropertyHolder  : Attempting to locate auto-apply AttributeConverter for property [com.Store.Store.domain.dto.Client:lastName]
2024-09-28T22:19:41.495-05:00 DEBUG 3320 --- [Store] [    Test worker] o.h.b.model.internal.BasicValueBinder    : building BasicValue for lastName
2024-09-28T22:19:41.495-05:00 DEBUG 3320 --- [Store] [    Test worker] org.hibernate.mapping.BasicValue         : Skipping column re-registration: clients.last_name
2024-09-28T22:19:41.495-05:00 DEBUG 3320 --- [Store] [    Test worker] o.h.boot.model.internal.PropertyBinder   : Building property lastName
2024-09-28T22:19:41.496-05:00 DEBUG 3320 --- [Store] [    Test worker] o.h.boot.model.internal.AnnotatedColumn  : Binding column: AnnotatedColumn(column='name')
2024-09-28T22:19:41.496-05:00 DEBUG 3320 --- [Store] [    Test worker] o.h.boot.model.internal.PropertyBinder   : MetadataSourceProcessor property name with lazy=false
2024-09-28T22:19:41.496-05:00 DEBUG 3320 --- [Store] [    Test worker] o.h.b.m.internal.AbstractPropertyHolder  : Attempting to locate auto-apply AttributeConverter for property [com.Store.Store.domain.dto.Client:name]
2024-09-28T22:19:41.496-05:00 DEBUG 3320 --- [Store] [    Test worker] o.h.b.model.internal.BasicValueBinder    : building BasicValue for name
2024-09-28T22:19:41.497-05:00 DEBUG 3320 --- [Store] [    Test worker] org.hibernate.mapping.BasicValue         : Skipping column re-registration: clients.name
2024-09-28T22:19:41.497-05:00 DEBUG 3320 --- [Store] [    Test worker] o.h.boot.model.internal.PropertyBinder   : Building property name
2024-09-28T22:19:41.498-05:00 DEBUG 3320 --- [Store] [    Test worker] o.h.boot.model.internal.AnnotatedColumn  : Binding column: AnnotatedColumn(column='phone')
2024-09-28T22:19:41.498-05:00 DEBUG 3320 --- [Store] [    Test worker] o.h.boot.model.internal.PropertyBinder   : MetadataSourceProcessor property phone with lazy=false
2024-09-28T22:19:41.498-05:00 DEBUG 3320 --- [Store] [    Test worker] o.h.b.m.internal.AbstractPropertyHolder  : Attempting to locate auto-apply AttributeConverter for property [com.Store.Store.domain.dto.Client:phone]
2024-09-28T22:19:41.498-05:00 DEBUG 3320 --- [Store] [    Test worker] o.h.b.model.internal.BasicValueBinder    : building BasicValue for phone
2024-09-28T22:19:41.498-05:00 DEBUG 3320 --- [Store] [    Test worker] org.hibernate.mapping.BasicValue         : Skipping column re-registration: clients.phone
2024-09-28T22:19:41.498-05:00 DEBUG 3320 --- [Store] [    Test worker] o.h.boot.model.internal.PropertyBinder   : Building property phone
2024-09-28T22:19:41.498-05:00 DEBUG 3320 --- [Store] [    Test worker] o.h.boot.model.internal.AnnotatedColumn  : Binding column: AnnotatedColumn(column='updated_date')
2024-09-28T22:19:41.498-05:00 DEBUG 3320 --- [Store] [    Test worker] o.h.boot.model.internal.PropertyBinder   : MetadataSourceProcessor property updatedDate with lazy=false
2024-09-28T22:19:41.498-05:00 DEBUG 3320 --- [Store] [    Test worker] o.h.b.m.internal.AbstractPropertyHolder  : Attempting to locate auto-apply AttributeConverter for property [com.Store.Store.domain.dto.Client:updatedDate]
2024-09-28T22:19:41.498-05:00 DEBUG 3320 --- [Store] [    Test worker] o.h.b.model.internal.BasicValueBinder    : building BasicValue for updatedDate
2024-09-28T22:19:41.499-05:00 DEBUG 3320 --- [Store] [    Test worker] org.hibernate.mapping.BasicValue         : Skipping column re-registration: clients.updated_date
2024-09-28T22:19:41.499-05:00 DEBUG 3320 --- [Store] [    Test worker] o.h.boot.model.internal.PropertyBinder   : Building property updatedDate
2024-09-28T22:19:41.502-05:00 DEBUG 3320 --- [Store] [    Test worker] o.h.b.r.c.i.ClassLoaderServiceImpl       : HHH000194: Package not found or no package-info.java: com.Store.Store.domain.dto
2024-09-28T22:19:41.514-05:00 DEBUG 3320 --- [Store] [    Test worker] o.h.boot.model.internal.EntityBinder     : Binding entity from annotated class: com.Store.Store.domain.dto.Product
2024-09-28T22:19:41.514-05:00 DEBUG 3320 --- [Store] [    Test worker] o.h.boot.model.internal.EntityBinder     : Import with entity name Product
2024-09-28T22:19:41.514-05:00 DEBUG 3320 --- [Store] [    Test worker] o.h.boot.model.internal.EntityBinder     : Bind entity com.Store.Store.domain.dto.Product on table products
2024-09-28T22:19:41.515-05:00 DEBUG 3320 --- [Store] [    Test worker] o.h.boot.model.internal.AnnotatedColumn  : Binding column: AnnotatedDiscriminatorColumn(column='DTYPE')
2024-09-28T22:19:41.518-05:00 DEBUG 3320 --- [Store] [    Test worker] o.h.boot.model.internal.AnnotatedColumn  : Binding column: AnnotatedColumn(column='id')
2024-09-28T22:19:41.518-05:00 DEBUG 3320 --- [Store] [    Test worker] o.h.boot.internal.ClassLoaderAccessImpl  : Not known whether passed class name [com.Store.Store.domain.dto.Product] is safe
2024-09-28T22:19:41.518-05:00 DEBUG 3320 --- [Store] [    Test worker] o.h.boot.internal.ClassLoaderAccessImpl  : No temp ClassLoader provided; using live ClassLoader for loading potentially unsafe class : com.Store.Store.domain.dto.Product
2024-09-28T22:19:41.518-05:00 DEBUG 3320 --- [Store] [    Test worker] o.h.boot.model.internal.PropertyBinder   : MetadataSourceProcessor property id with lazy=false
2024-09-28T22:19:41.518-05:00 DEBUG 3320 --- [Store] [    Test worker] o.h.b.m.internal.AbstractPropertyHolder  : Attempting to locate auto-apply AttributeConverter for property [com.Store.Store.domain.dto.Product:id]
2024-09-28T22:19:41.518-05:00 DEBUG 3320 --- [Store] [    Test worker] o.h.b.model.internal.BasicValueBinder    : building BasicValue for id
2024-09-28T22:19:41.518-05:00 DEBUG 3320 --- [Store] [    Test worker] org.hibernate.mapping.BasicValue         : Skipping column re-registration: products.id
2024-09-28T22:19:41.519-05:00 DEBUG 3320 --- [Store] [    Test worker] o.h.boot.model.internal.PropertyBinder   : Building property id
2024-09-28T22:19:41.519-05:00 DEBUG 3320 --- [Store] [    Test worker] o.h.boot.model.internal.BinderHelper     : #makeIdGenerator(BasicValue([Column(id)]), id, assigned, , ...)
2024-09-28T22:19:41.519-05:00 DEBUG 3320 --- [Store] [    Test worker] o.h.boot.model.internal.AnnotatedColumn  : Binding column: AnnotatedColumn(column='description')
2024-09-28T22:19:41.519-05:00 DEBUG 3320 --- [Store] [    Test worker] o.h.boot.model.internal.PropertyBinder   : MetadataSourceProcessor property description with lazy=false
2024-09-28T22:19:41.519-05:00 DEBUG 3320 --- [Store] [    Test worker] o.h.b.m.internal.AbstractPropertyHolder  : Attempting to locate auto-apply AttributeConverter for property [com.Store.Store.domain.dto.Product:description]
2024-09-28T22:19:41.520-05:00 DEBUG 3320 --- [Store] [    Test worker] o.h.b.model.internal.BasicValueBinder    : building BasicValue for description
2024-09-28T22:19:41.520-05:00 DEBUG 3320 --- [Store] [    Test worker] org.hibernate.mapping.BasicValue         : Skipping column re-registration: products.description
2024-09-28T22:19:41.520-05:00 DEBUG 3320 --- [Store] [    Test worker] o.h.boot.model.internal.PropertyBinder   : Building property description
2024-09-28T22:19:41.521-05:00 DEBUG 3320 --- [Store] [    Test worker] o.h.boot.model.internal.AnnotatedColumn  : Binding column: AnnotatedColumn(column='image')
2024-09-28T22:19:41.521-05:00 DEBUG 3320 --- [Store] [    Test worker] o.h.boot.model.internal.PropertyBinder   : MetadataSourceProcessor property image with lazy=false
2024-09-28T22:19:41.521-05:00 DEBUG 3320 --- [Store] [    Test worker] o.h.b.m.internal.AbstractPropertyHolder  : Attempting to locate auto-apply AttributeConverter for property [com.Store.Store.domain.dto.Product:image]
2024-09-28T22:19:41.521-05:00 DEBUG 3320 --- [Store] [    Test worker] o.h.b.model.internal.BasicValueBinder    : building BasicValue for image
2024-09-28T22:19:41.521-05:00 DEBUG 3320 --- [Store] [    Test worker] org.hibernate.mapping.BasicValue         : Skipping column re-registration: products.image
2024-09-28T22:19:41.521-05:00 DEBUG 3320 --- [Store] [    Test worker] o.h.boot.model.internal.PropertyBinder   : Building property image
2024-09-28T22:19:41.521-05:00 DEBUG 3320 --- [Store] [    Test worker] o.h.boot.model.internal.AnnotatedColumn  : Binding column: AnnotatedColumn(column='name')
2024-09-28T22:19:41.521-05:00 DEBUG 3320 --- [Store] [    Test worker] o.h.boot.model.internal.PropertyBinder   : MetadataSourceProcessor property name with lazy=false
2024-09-28T22:19:41.521-05:00 DEBUG 3320 --- [Store] [    Test worker] o.h.b.m.internal.AbstractPropertyHolder  : Attempting to locate auto-apply AttributeConverter for property [com.Store.Store.domain.dto.Product:name]
2024-09-28T22:19:41.521-05:00 DEBUG 3320 --- [Store] [    Test worker] o.h.b.model.internal.BasicValueBinder    : building BasicValue for name
2024-09-28T22:19:41.521-05:00 DEBUG 3320 --- [Store] [    Test worker] org.hibernate.mapping.BasicValue         : Skipping column re-registration: products.name
2024-09-28T22:19:41.521-05:00 DEBUG 3320 --- [Store] [    Test worker] o.h.boot.model.internal.PropertyBinder   : Building property name
2024-09-28T22:19:41.523-05:00 DEBUG 3320 --- [Store] [    Test worker] o.h.boot.model.internal.AnnotatedColumn  : Binding column: AnnotatedColumn(column='precio_costo')
2024-09-28T22:19:41.523-05:00 DEBUG 3320 --- [Store] [    Test worker] o.h.boot.model.internal.PropertyBinder   : MetadataSourceProcessor property precioCosto with lazy=false
2024-09-28T22:19:41.523-05:00 DEBUG 3320 --- [Store] [    Test worker] o.h.b.m.internal.AbstractPropertyHolder  : Attempting to locate auto-apply AttributeConverter for property [com.Store.Store.domain.dto.Product:precioCosto]
2024-09-28T22:19:41.523-05:00 DEBUG 3320 --- [Store] [    Test worker] o.h.b.model.internal.BasicValueBinder    : building BasicValue for precioCosto
2024-09-28T22:19:41.523-05:00 DEBUG 3320 --- [Store] [    Test worker] org.hibernate.mapping.BasicValue         : Skipping column re-registration: products.precio_costo
2024-09-28T22:19:41.523-05:00 DEBUG 3320 --- [Store] [    Test worker] o.h.boot.model.internal.PropertyBinder   : Building property precioCosto
2024-09-28T22:19:41.523-05:00 DEBUG 3320 --- [Store] [    Test worker] o.h.boot.model.internal.AnnotatedColumn  : Binding column: AnnotatedColumn(column='precio_venta')
2024-09-28T22:19:41.523-05:00 DEBUG 3320 --- [Store] [    Test worker] o.h.boot.model.internal.PropertyBinder   : MetadataSourceProcessor property precioVenta with lazy=false
2024-09-28T22:19:41.523-05:00 DEBUG 3320 --- [Store] [    Test worker] o.h.b.m.internal.AbstractPropertyHolder  : Attempting to locate auto-apply AttributeConverter for property [com.Store.Store.domain.dto.Product:precioVenta]
2024-09-28T22:19:41.523-05:00 DEBUG 3320 --- [Store] [    Test worker] o.h.b.model.internal.BasicValueBinder    : building BasicValue for precioVenta
2024-09-28T22:19:41.523-05:00 DEBUG 3320 --- [Store] [    Test worker] org.hibernate.mapping.BasicValue         : Skipping column re-registration: products.precio_venta
[...]
      Did not match:
         - @ConditionalOnClass did not find required class 'graphql.GraphQL' (OnClassCondition)

   RSocketMessagingAutoConfiguration:
      Did not match:
         - @ConditionalOnClass did not find required class 'io.rsocket.RSocket' (OnClassCondition)

   RSocketRequesterAutoConfiguration:
      Did not match:
         - @ConditionalOnClass did not find required class 'io.rsocket.RSocket' (OnClassCondition)

   RSocketSecurityAutoConfiguration:
      Did not match:
         - @ConditionalOnClass did not find required class 'org.springframework.security.rsocket.core.SecuritySocketAcceptorInterceptor' (OnClassCondition)

   RSocketServerAutoConfiguration:
      Did not match:
         - @ConditionalOnClass did not find required class 'io.rsocket.core.RSocketServer' (OnClassCondition)

   RSocketStrategiesAutoConfiguration:
      Did not match:
         - @ConditionalOnClass did not find required class 'io.rsocket.RSocket' (OnClassCondition)

   RabbitAutoConfiguration:
      Did not match:
         - @ConditionalOnClass did not find required class 'com.rabbitmq.client.Channel' (OnClassCondition)

   ReactiveElasticsearchClientAutoConfiguration:
      Did not match:
         - @ConditionalOnClass did not find required class 'co.elastic.clients.transport.ElasticsearchTransport' (OnClassCondition)

   ReactiveElasticsearchRepositoriesAutoConfiguration:
      Did not match:
         - @ConditionalOnClass did not find required class 'org.springframework.data.elasticsearch.client.elc.ReactiveElasticsearchClient' (OnClassCondition)

   ReactiveMultipartAutoConfiguration:
      Did not match:
         - not a reactive web application (OnWebApplicationCondition)
      Matched:
         - @ConditionalOnClass found required classes 'org.springframework.http.codec.multipart.DefaultPartHttpMessageReader', 'org.springframework.web.reactive.config.WebFluxConfigurer' (OnClassCondition)

   ReactiveOAuth2ClientAutoConfiguration:
      Did not match:
         - @ConditionalOnClass did not find required class 'org.springframework.security.config.annotation.web.reactive.EnableWebFluxSecurity' (OnClassCondition)

   ReactiveOAuth2ResourceServerAutoConfiguration:
      Did not match:
         - @ConditionalOnClass did not find required class 'org.springframework.security.config.annotation.web.reactive.EnableWebFluxSecurity' (OnClassCondition)

   ReactiveSecurityAutoConfiguration:
      Did not match:
         - @ConditionalOnClass did not find required class 'org.springframework.security.config.annotation.web.reactive.EnableWebFluxSecurity' (OnClassCondition)

   ReactiveUserDetailsServiceAutoConfiguration:
      Did not match:
         - @ConditionalOnClass did not find required class 'org.springframework.security.authentication.ReactiveAuthenticationManager' (OnClassCondition)

   ReactiveWebServerFactoryAutoConfiguration:
      Did not match:
         - not a reactive web application (OnWebApplicationCondition)
      Matched:
         - @ConditionalOnClass found required class 'org.springframework.http.ReactiveHttpInputMessage' (OnClassCondition)

   RedisAutoConfiguration:
      Did not match:
         - @ConditionalOnClass did not find required class 'org.springframework.data.redis.core.RedisOperations' (OnClassCondition)

   RedisCacheConfiguration:
      Did not match:
         - @ConditionalOnClass did not find required class 'org.springframework.data.redis.connection.RedisConnectionFactory' (OnClassCondition)

   RedisReactiveAutoConfiguration:
      Did not match:
         - @ConditionalOnClass did not find required class 'org.springframework.data.redis.connection.ReactiveRedisConnectionFactory' (OnClassCondition)

   RedisRepositoriesAutoConfiguration:
      Did not match:
         - @ConditionalOnClass did not find required class 'org.springframework.data.redis.repository.configuration.EnableRedisRepositories' (OnClassCondition)

   RepositoryRestMvcAutoConfiguration:
      Did not match:
         - @ConditionalOnClass did not find required class 'org.springframework.data.rest.webmvc.config.RepositoryRestMvcConfiguration' (OnClassCondition)

   Saml2RelyingPartyAutoConfiguration:
      Did not match:
         - @ConditionalOnClass did not find required class 'org.springframework.security.saml2.provider.service.registration.RelyingPartyRegistrationRepository' (OnClassCondition)

   SecurityAutoConfiguration:
      Did not match:
         - @ConditionalOnClass did not find required class 'org.springframework.security.authentication.DefaultAuthenticationEventPublisher' (OnClassCondition)

   SecurityFilterAutoConfiguration:
      Did not match:
         - @ConditionalOnClass did not find required class 'org.springframework.security.config.http.SessionCreationPolicy' (OnClassCondition)

   SendGridAutoConfiguration:
      Did not match:
         - @ConditionalOnClass did not find required class 'com.sendgrid.SendGrid' (OnClassCondition)

   ServletWebServerFactoryAutoConfiguration.ForwardedHeaderFilterConfiguration:
      Did not match:
         - @ConditionalOnProperty (server.forward-headers-strategy=framework) did not find property 'server.forward-headers-strategy' (OnPropertyCondition)

   ServletWebServerFactoryConfiguration.EmbeddedJetty:
      Did not match:
         - @ConditionalOnClass did not find required classes 'org.eclipse.jetty.server.Server', 'org.eclipse.jetty.util.Loader', 'org.eclipse.jetty.ee10.webapp.WebAppContext' (OnClassCondition)

   ServletWebServerFactoryConfiguration.EmbeddedUndertow:
      Did not match:
         - @ConditionalOnClass did not find required classes 'io.undertow.Undertow', 'org.xnio.SslClientAuthMode' (OnClassCondition)

   SessionAutoConfiguration:
      Did not match:
         - @ConditionalOnClass did not find required class 'org.springframework.session.Session' (OnClassCondition)

   SpringApplicationAdminJmxAutoConfiguration:
      Did not match:
         - @ConditionalOnProperty (spring.application.admin.enabled=true) did not find property 'enabled' (OnPropertyCondition)

   TaskExecutorConfigurations.SimpleAsyncTaskExecutorBuilderConfiguration#simpleAsyncTaskExecutorBuilderVirtualThreads:
      Did not match:
         - @ConditionalOnMissingBean (types: org.springframework.boot.task.SimpleAsyncTaskExecutorBuilder; SearchStrategy: all) found beans of type 'org.springframework.boot.task.SimpleAsyncTaskExecutorBuilder' simpleAsyncTaskExecutorBuilder (OnBeanCondition)

   TaskExecutorConfigurations.TaskExecutorConfiguration#applicationTaskExecutorVirtualThreads:
      Did not match:
         - @ConditionalOnThreading did not find VIRTUAL (OnThreadingCondition)

   TaskSchedulingAutoConfiguration#scheduledBeanLazyInitializationExcludeFilter:
      Did not match:
         - @ConditionalOnBean (names: org.springframework.context.annotation.internalScheduledAnnotationProcessor; SearchStrategy: all) did not find any beans named org.springframework.context.annotation.internalScheduledAnnotationProcessor (OnBeanCondition)

   TaskSchedulingConfigurations.SimpleAsyncTaskSchedulerBuilderConfiguration#simpleAsyncTaskSchedulerBuilderVirtualThreads:
      Did not match:
         - @ConditionalOnMissingBean (types: org.springframework.boot.task.SimpleAsyncTaskSchedulerBuilder; SearchStrategy: all) found beans of type 'org.springframework.boot.task.SimpleAsyncTaskSchedulerBuilder' simpleAsyncTaskSchedulerBuilder (OnBeanCondition)

   TaskSchedulingConfigurations.TaskSchedulerConfiguration:
      Did not match:
         - @ConditionalOnBean (names: org.springframework.context.annotation.internalScheduledAnnotationProcessor; SearchStrategy: all) did not find any beans named org.springframework.context.annotation.internalScheduledAnnotationProcessor (OnBeanCondition)

   ThymeleafAutoConfiguration:
      Did not match:
         - @ConditionalOnClass did not find required class 'org.thymeleaf.spring6.SpringTemplateEngine' (OnClassCondition)

   TransactionAutoConfiguration#transactionalOperator:
      Did not match:
         - @ConditionalOnSingleCandidate (types: org.springframework.transaction.ReactiveTransactionManager; SearchStrategy: all) did not find any beans (OnBeanCondition)

   TransactionAutoConfiguration.AspectJTransactionManagementConfiguration:
      Did not match:
         - @ConditionalOnBean (types: org.springframework.transaction.aspectj.AbstractTransactionAspect; SearchStrategy: all) did not find any beans of type org.springframework.transaction.aspectj.AbstractTransactionAspect (OnBeanCondition)

   TransactionAutoConfiguration.EnableTransactionManagementConfiguration.JdkDynamicAutoProxyConfiguration:
      Did not match:
         - @ConditionalOnProperty (spring.aop.proxy-target-class=false) did not find property 'proxy-target-class' (OnPropertyCondition)

   UserDetailsServiceAutoConfiguration:
      Did not match:
         - @ConditionalOnClass did not find required class 'org.springframework.security.authentication.AuthenticationManager' (OnClassCondition)

   ValidationAutoConfiguration:
      Did not match:
         - @ConditionalOnClass did not find required class 'jakarta.validation.executable.ExecutableValidator' (OnClassCondition)

   WebFluxAutoConfiguration:
      Did not match:
         - not a reactive web application (OnWebApplicationCondition)
      Matched:
         - @ConditionalOnClass found required class 'org.springframework.web.reactive.config.WebFluxConfigurer' (OnClassCondition)

   WebMvcAutoConfiguration#hiddenHttpMethodFilter:
      Did not match:
         - @ConditionalOnProperty (spring.mvc.hiddenmethod.filter.enabled) did not find property 'enabled' (OnPropertyCondition)

   WebMvcAutoConfiguration.ProblemDetailsErrorHandlingConfiguration:
      Did not match:
         - @ConditionalOnProperty (spring.mvc.problemdetails.enabled=true) did not find property 'enabled' (OnPropertyCondition)

   WebMvcAutoConfiguration.ResourceChainCustomizerConfiguration:
      Did not match:
         - @ConditionalOnEnabledResourceChain did not find class org.webjars.WebJarAssetLocator (OnEnabledResourceChainCondition)

   WebMvcAutoConfiguration.WebMvcAutoConfigurationAdapter#beanNameViewResolver:
      Did not match:
         - @ConditionalOnMissingBean (types: org.springframework.web.servlet.view.BeanNameViewResolver; SearchStrategy: all) found beans of type 'org.springframework.web.servlet.view.BeanNameViewResolver' beanNameViewResolver (OnBeanCondition)

   WebServiceTemplateAutoConfiguration:
      Did not match:
         - @ConditionalOnClass did not find required class 'org.springframework.oxm.Marshaller' (OnClassCondition)

   WebServicesAutoConfiguration:
      Did not match:
         - @ConditionalOnClass did not find required class 'org.springframework.ws.transport.http.MessageDispatcherServlet' (OnClassCondition)

   WebSessionIdResolverAutoConfiguration:
      Did not match:
         - not a reactive web application (OnWebApplicationCondition)
      Matched:
         - @ConditionalOnClass found required classes 'org.springframework.web.server.session.WebSessionManager', 'reactor.core.publisher.Mono' (OnClassCondition)

   WebSocketMessagingAutoConfiguration:
      Did not match:
         - @ConditionalOnClass did not find required class 'org.springframework.web.socket.config.annotation.WebSocketMessageBrokerConfigurer' (OnClassCondition)

   WebSocketReactiveAutoConfiguration:
      Did not match:
         - not a reactive web application (OnWebApplicationCondition)
      Matched:
         - @ConditionalOnClass found required classes 'jakarta.servlet.Servlet', 'jakarta.websocket.server.ServerContainer' (OnClassCondition)

   WebSocketServletAutoConfiguration.JettyWebSocketConfiguration:
      Did not match:
         - @ConditionalOnClass did not find required class 'org.eclipse.jetty.ee10.websocket.jakarta.server.config.JakartaWebSocketServletContainerInitializer' (OnClassCondition)

   WebSocketServletAutoConfiguration.UndertowWebSocketConfiguration:
      Did not match:
         - @ConditionalOnClass did not find required class 'io.undertow.websockets.jsr.Bootstrap' (OnClassCondition)

   XADataSourceAutoConfiguration:
      Did not match:
         - @ConditionalOnBean (types: org.springframework.boot.jdbc.XADataSourceWrapper; SearchStrategy: all) did not find any beans of type org.springframework.boot.jdbc.XADataSourceWrapper (OnBeanCondition)
      Matched:
         - @ConditionalOnClass found required classes 'javax.sql.DataSource', 'jakarta.transaction.TransactionManager', 'org.springframework.jdbc.datasource.embedded.EmbeddedDatabaseType' (OnClassCondition)


Exclusions:
-----------

    None


Unconditional classes:
----------------------

    org.springframework.boot.autoconfigure.context.ConfigurationPropertiesAutoConfiguration

    org.springframework.boot.autoconfigure.ssl.SslAutoConfiguration

    org.springframework.boot.autoconfigure.context.PropertyPlaceholderAutoConfiguration

    org.springframework.boot.autoconfigure.context.LifecycleAutoConfiguration

    org.springframework.boot.autoconfigure.availability.ApplicationAvailabilityAutoConfiguration

    org.springframework.boot.autoconfigure.info.ProjectInfoAutoConfiguration



2024-09-28T22:19:47.925-05:00  INFO 3320 --- [Store] [    Test worker] com.Store.Store.StoreApplicationTests    : Started StoreApplicationTests in 16.699 seconds (process running for 22.187)
2024-09-28T22:19:47.930-05:00 DEBUG 3320 --- [Store] [    Test worker] o.s.b.a.ApplicationAvailabilityBean      : Application availability state LivenessState changed to CORRECT
2024-09-28T22:19:47.963-05:00  INFO 3320 --- [Store] [    Test worker] com.Store.Store.StoreApplication         : ========================== Memory Info ==========================
2024-09-28T22:19:47.963-05:00  INFO 3320 --- [Store] [    Test worker] com.Store.Store.StoreApplication         : Free memory: 25 MB
2024-09-28T22:19:47.963-05:00  INFO 3320 --- [Store] [    Test worker] com.Store.Store.StoreApplication         : Allocated memory: 57 MB
2024-09-28T22:19:47.963-05:00  INFO 3320 --- [Store] [    Test worker] com.Store.Store.StoreApplication         : Max memory: 512 MB
2024-09-28T22:19:47.964-05:00  INFO 3320 --- [Store] [    Test worker] com.Store.Store.StoreApplication         : Total free memory: 480 MB
2024-09-28T22:19:47.964-05:00  INFO 3320 --- [Store] [    Test worker] com.Store.Store.StoreApplication         : =================================================================
2024-09-28T22:19:47.965-05:00 DEBUG 3320 --- [Store] [    Test worker] o.s.b.a.ApplicationAvailabilityBean      : Application availability state ReadinessState changed to ACCEPTING_TRAFFIC
2024-09-28T22:19:47.968-05:00 DEBUG 3320 --- [Store] [    Test worker] org.springframework.test.context.cache   : Spring test ApplicationContext cache statistics: [DefaultContextCache@173da924 size = 1, maxSize = 32, parentContextCount = 0, hitCount = 0, missCount = 1, failureCount = 0]
2024-09-28T22:19:47.969-05:00 DEBUG 3320 --- [Store] [    Test worker] o.s.t.c.w.ServletTestExecutionListener   : Setting up MockHttpServletRequest, MockHttpServletResponse, ServletWebRequest, and RequestContextHolder for test class com.Store.Store.StoreApplicationTests
2024-09-28T22:19:47.990-05:00 DEBUG 3320 --- [Store] [    Test worker] DependencyInjectionTestExecutionListener : Performing dependency injection for test class com.Store.Store.StoreApplicationTests
2024-09-28T22:19:47.991-05:00 DEBUG 3320 --- [Store] [    Test worker] org.springframework.test.context.cache   : Spring test ApplicationContext cache statistics: [DefaultContextCache@173da924 size = 1, maxSize = 32, parentContextCount = 0, hitCount = 1, missCount = 1, failureCount = 0]
2024-09-28T22:19:47.993-05:00 DEBUG 3320 --- [Store] [    Test worker] org.springframework.test.context.cache   : Spring test ApplicationContext cache statistics: [DefaultContextCache@173da924 size = 1, maxSize = 32, parentContextCount = 0, hitCount = 2, missCount = 1, failureCount = 0]
2024-09-28T22:19:48.010-05:00 DEBUG 3320 --- [Store] [    Test worker] sContextBeforeModesTestExecutionListener : Before test method: class [StoreApplicationTests], method [contextLoads], class annotated with @DirtiesContext [false] with mode [null], method annotated with @DirtiesContext [false] with mode [null]
2024-09-28T22:19:48.022-05:00 DEBUG 3320 --- [Store] [    Test worker] org.springframework.test.context.cache   : Spring test ApplicationContext cache statistics: [DefaultContextCache@173da924 size = 1, maxSize = 32, parentContextCount = 0, hitCount = 3, missCount = 1, failureCount = 0]
2024-09-28T22:19:48.023-05:00 DEBUG 3320 --- [Store] [    Test worker] org.springframework.test.context.cache   : Spring test ApplicationContext cache statistics: [DefaultContextCache@173da924 size = 1, maxSize = 32, parentContextCount = 0, hitCount = 4, missCount = 1, failureCount = 0]
2024-09-28T22:19:49.250-05:00 DEBUG 3320 --- [Store] [    Test worker] org.springframework.test.context.cache   : Spring test ApplicationContext cache statistics: [DefaultContextCache@173da924 size = 1, maxSize = 32, parentContextCount = 0, hitCount = 5, missCount = 1, failureCount = 0]
2024-09-28T22:19:49.282-05:00 DEBUG 3320 --- [Store] [    Test worker] org.springframework.test.context.cache   : Spring test ApplicationContext cache statistics: [DefaultContextCache@173da924 size = 1, maxSize = 32, parentContextCount = 0, hitCount = 6, missCount = 1, failureCount = 0]
2024-09-28T22:19:49.288-05:00 DEBUG 3320 --- [Store] [    Test worker] org.springframework.test.context.cache   : Spring test ApplicationContext cache statistics: [DefaultContextCache@173da924 size = 1, maxSize = 32, parentContextCount = 0, hitCount = 7, missCount = 1, failureCount = 0]
2024-09-28T22:19:49.294-05:00 DEBUG 3320 --- [Store] [    Test worker] org.springframework.test.context.cache   : Spring test ApplicationContext cache statistics: [DefaultContextCache@173da924 size = 1, maxSize = 32, parentContextCount = 0, hitCount = 8, missCount = 1, failureCount = 0]
2024-09-28T22:19:49.300-05:00 DEBUG 3320 --- [Store] [    Test worker] org.springframework.test.context.cache   : Spring test ApplicationContext cache statistics: [DefaultContextCache@173da924 size = 1, maxSize = 32, parentContextCount = 0, hitCount = 9, missCount = 1, failureCount = 0]
2024-09-28T22:19:49.307-05:00 DEBUG 3320 --- [Store] [    Test worker] org.springframework.test.context.cache   : Spring test ApplicationContext cache statistics: [DefaultContextCache@173da924 size = 1, maxSize = 32, parentContextCount = 0, hitCount = 10, missCount = 1, failureCount = 0]
2024-09-28T22:19:49.320-05:00 DEBUG 3320 --- [Store] [    Test worker] org.springframework.test.context.cache   : Spring test ApplicationContext cache statistics: [DefaultContextCache@173da924 size = 1, maxSize = 32, parentContextCount = 0, hitCount = 11, missCount = 1, failureCount = 0]
2024-09-28T22:19:49.323-05:00 DEBUG 3320 --- [Store] [    Test worker] .c.s.DirtiesContextTestExecutionListener : After test method: class [StoreApplicationTests], method [contextLoads], class annotated with @DirtiesContext [false] with mode [null], method annotated with @DirtiesContext [false] with mode [null]
2024-09-28T22:19:49.324-05:00 DEBUG 3320 --- [Store] [    Test worker] o.s.t.c.w.ServletTestExecutionListener   : Resetting RequestContextHolder for test class com.Store.Store.StoreApplicationTests
2024-09-28T22:19:49.350-05:00 DEBUG 3320 --- [Store] [    Test worker] org.springframework.test.context.cache   : Spring test ApplicationContext cache statistics: [DefaultContextCache@173da924 size = 1, maxSize = 32, parentContextCount = 0, hitCount = 12, missCount = 1, failureCount = 0]
2024-09-28T22:19:49.350-05:00 DEBUG 3320 --- [Store] [    Test worker] .c.s.DirtiesContextTestExecutionListener : After test class: class [StoreApplicationTests], class annotated with @DirtiesContext [false] with mode [null]
]]></system-out>
  <system-err><![CDATA[]]></system-err>
</testsuite>
